#! /c/Source/iverilog-install/bin/vvp
:ivl_version "12.0 (devel)" "(s20150603-1539-g2693dd32b)";
:ivl_delay_selection "TYPICAL";
:vpi_time_precision + 0;
:vpi_module "C:\iverilog\lib\ivl\system.vpi";
:vpi_module "C:\iverilog\lib\ivl\vhdl_sys.vpi";
:vpi_module "C:\iverilog\lib\ivl\vhdl_textio.vpi";
:vpi_module "C:\iverilog\lib\ivl\v2005_math.vpi";
:vpi_module "C:\iverilog\lib\ivl\va_math.vpi";
S_00000210d201ee00 .scope module, "MultBy2_tb" "MultBy2_tb" 2 5;
 .timescale 0 0;
v00000210d2032900_0 .var "a", 3 0;
v00000210d20329a0_0 .net "b", 4 0, L_00000210d201b950;  1 drivers
S_00000210d2019040 .scope module, "mult2" "MultBy2" 2 9, 2 1 0, S_00000210d201ee00;
 .timescale 0 0;
    .port_info 0 /INPUT 4 "a";
    .port_info 1 /OUTPUT 5 "b";
v00000210d2032ed0_0 .net *"_ivl_0", 4 0, L_00000210d2032a40;  1 drivers
L_00000210d20a8018 .functor BUFT 1, C4<0>, C4<0>, C4<0>, C4<0>;
v00000210d20191d0_0 .net *"_ivl_3", 0 0, L_00000210d20a8018;  1 drivers
v00000210d2019270_0 .net *"_ivl_6", 3 0, L_00000210d2032ae0;  1 drivers
L_00000210d20a8060 .functor BUFT 1, C4<0>, C4<0>, C4<0>, C4<0>;
v00000210d2032720_0 .net *"_ivl_8", 0 0, L_00000210d20a8060;  1 drivers
v00000210d20327c0_0 .net "a", 3 0, v00000210d2032900_0;  1 drivers
v00000210d2032860_0 .net "b", 4 0, L_00000210d201b950;  alias, 1 drivers
L_00000210d2032a40 .concat [ 4 1 0 0], v00000210d2032900_0, L_00000210d20a8018;
L_00000210d2032ae0 .part L_00000210d2032a40, 0, 4;
L_00000210d201b950 .concat [ 1 4 0 0], L_00000210d20a8060, L_00000210d2032ae0;
    .scope S_00000210d201ee00;
T_0 ;
    %vpi_call 2 13 "$dumpfile", "MultBy2_tb.vcd" {0 0 0};
    %vpi_call 2 14 "$dumpvars", 32'sb00000000000000000000000000000000, S_00000210d201ee00 {0 0 0};
    %pushi/vec4 7, 0, 4;
    %store/vec4 v00000210d2032900_0, 0, 4;
    %delay 10, 0;
    %vpi_call 2 16 "$display", "input = %d, output = %d", v00000210d2032900_0, v00000210d20329a0_0 {0 0 0};
    %pushi/vec4 8, 0, 4;
    %store/vec4 v00000210d2032900_0, 0, 4;
    %delay 10, 0;
    %vpi_call 2 18 "$display", "input = %d, output = %d", v00000210d2032900_0, v00000210d20329a0_0 {0 0 0};
    %vpi_call 2 19 "$finish" {0 0 0};
    %end;
    .thread T_0;
# The file index is used to find the file name in the following table.
:file_names 3;
    "N/A";
    "<interactive>";
    "MultyplyBy2.v";
