#! /c/Source/iverilog-install/bin/vvp
:ivl_version "12.0 (devel)" "(s20150603-1539-g2693dd32b)";
:ivl_delay_selection "TYPICAL";
:vpi_time_precision + 0;
:vpi_module "C:\iverilog\lib\ivl\system.vpi";
:vpi_module "C:\iverilog\lib\ivl\vhdl_sys.vpi";
:vpi_module "C:\iverilog\lib\ivl\vhdl_textio.vpi";
:vpi_module "C:\iverilog\lib\ivl\v2005_math.vpi";
:vpi_module "C:\iverilog\lib\ivl\va_math.vpi";
S_0000015dad8bbc60 .scope module, "priority_encoder_testbench" "priority_encoder_testbench" 2 22;
 .timescale 0 0;
v0000015dad8bbdf0_0 .var "data", 7 0;
v0000015dad8bbe90_0 .net "res", 2 0, v0000015dad8d2c30_0;  1 drivers
S_0000015dad8bde50 .scope module, "priority_encoder_inst" "priority_encoder" 2 25, 2 1 0, S_0000015dad8bbc60;
 .timescale 0 0;
    .port_info 0 /INPUT 8 "data";
    .port_info 1 /OUTPUT 3 "res";
v0000015dad8d3000_0 .net "data", 7 0, v0000015dad8bbdf0_0;  1 drivers
v0000015dad8d2c30_0 .var "res", 2 0;
E_0000015dad8ba7f0 .event anyedge, v0000015dad8d3000_0;
    .scope S_0000015dad8bde50;
T_0 ;
    %wait E_0000015dad8ba7f0;
    %load/vec4 v0000015dad8d3000_0;
    %parti/s 1, 7, 4;
    %cmpi/e 1, 0, 1;
    %jmp/0xz  T_0.0, 4;
    %pushi/vec4 7, 0, 3;
    %assign/vec4 v0000015dad8d2c30_0, 0;
    %jmp T_0.1;
T_0.0 ;
    %load/vec4 v0000015dad8d3000_0;
    %parti/s 1, 6, 4;
    %cmpi/e 1, 0, 1;
    %jmp/0xz  T_0.2, 4;
    %pushi/vec4 6, 0, 3;
    %assign/vec4 v0000015dad8d2c30_0, 0;
    %jmp T_0.3;
T_0.2 ;
    %load/vec4 v0000015dad8d3000_0;
    %parti/s 1, 5, 4;
    %cmpi/e 1, 0, 1;
    %jmp/0xz  T_0.4, 4;
    %pushi/vec4 5, 0, 3;
    %assign/vec4 v0000015dad8d2c30_0, 0;
    %jmp T_0.5;
T_0.4 ;
    %load/vec4 v0000015dad8d3000_0;
    %parti/s 1, 4, 4;
    %cmpi/e 1, 0, 1;
    %jmp/0xz  T_0.6, 4;
    %pushi/vec4 4, 0, 3;
    %assign/vec4 v0000015dad8d2c30_0, 0;
    %jmp T_0.7;
T_0.6 ;
    %load/vec4 v0000015dad8d3000_0;
    %parti/s 1, 3, 3;
    %cmpi/e 1, 0, 1;
    %jmp/0xz  T_0.8, 4;
    %pushi/vec4 3, 0, 3;
    %assign/vec4 v0000015dad8d2c30_0, 0;
    %jmp T_0.9;
T_0.8 ;
    %load/vec4 v0000015dad8d3000_0;
    %parti/s 1, 2, 3;
    %cmpi/e 1, 0, 1;
    %jmp/0xz  T_0.10, 4;
    %pushi/vec4 2, 0, 3;
    %assign/vec4 v0000015dad8d2c30_0, 0;
    %jmp T_0.11;
T_0.10 ;
    %load/vec4 v0000015dad8d3000_0;
    %parti/s 1, 1, 2;
    %cmpi/e 1, 0, 1;
    %jmp/0xz  T_0.12, 4;
    %pushi/vec4 1, 0, 3;
    %assign/vec4 v0000015dad8d2c30_0, 0;
    %jmp T_0.13;
T_0.12 ;
    %load/vec4 v0000015dad8d3000_0;
    %parti/s 1, 0, 2;
    %cmpi/e 1, 0, 1;
    %jmp/0xz  T_0.14, 4;
    %pushi/vec4 0, 0, 3;
    %assign/vec4 v0000015dad8d2c30_0, 0;
T_0.14 ;
T_0.13 ;
T_0.11 ;
T_0.9 ;
T_0.7 ;
T_0.5 ;
T_0.3 ;
T_0.1 ;
    %jmp T_0;
    .thread T_0, $push;
    .scope S_0000015dad8bbc60;
T_1 ;
    %vpi_call 2 27 "$dumpfile", "priority_encoder_testbench.vcd" {0 0 0};
    %vpi_call 2 28 "$dumpvars", 32'sb00000000000000000000000000000000, S_0000015dad8bbc60 {0 0 0};
    %pushi/vec4 1, 0, 8;
    %store/vec4 v0000015dad8bbdf0_0, 0, 8;
    %delay 10, 0;
    %vpi_call 2 30 "$display", "data = %b, res = %b", v0000015dad8bbdf0_0, v0000015dad8bbe90_0 {0 0 0};
    %pushi/vec4 3, 0, 8;
    %store/vec4 v0000015dad8bbdf0_0, 0, 8;
    %delay 10, 0;
    %vpi_call 2 32 "$display", "data = %b, res = %b", v0000015dad8bbdf0_0, v0000015dad8bbe90_0 {0 0 0};
    %pushi/vec4 5, 0, 8;
    %store/vec4 v0000015dad8bbdf0_0, 0, 8;
    %delay 10, 0;
    %vpi_call 2 34 "$display", "data = %b, res = %b", v0000015dad8bbdf0_0, v0000015dad8bbe90_0 {0 0 0};
    %pushi/vec4 13, 0, 8;
    %store/vec4 v0000015dad8bbdf0_0, 0, 8;
    %delay 10, 0;
    %vpi_call 2 36 "$display", "data = %b, res = %b", v0000015dad8bbdf0_0, v0000015dad8bbe90_0 {0 0 0};
    %pushi/vec4 20, 0, 8;
    %store/vec4 v0000015dad8bbdf0_0, 0, 8;
    %delay 10, 0;
    %vpi_call 2 38 "$display", "data = %b, res = %b", v0000015dad8bbdf0_0, v0000015dad8bbe90_0 {0 0 0};
    %pushi/vec4 58, 0, 8;
    %store/vec4 v0000015dad8bbdf0_0, 0, 8;
    %delay 10, 0;
    %vpi_call 2 40 "$display", "data = %b, res = %b", v0000015dad8bbdf0_0, v0000015dad8bbe90_0 {0 0 0};
    %pushi/vec4 98, 0, 8;
    %store/vec4 v0000015dad8bbdf0_0, 0, 8;
    %delay 10, 0;
    %vpi_call 2 42 "$display", "data = %b, res = %b", v0000015dad8bbdf0_0, v0000015dad8bbe90_0 {0 0 0};
    %pushi/vec4 255, 0, 8;
    %store/vec4 v0000015dad8bbdf0_0, 0, 8;
    %delay 10, 0;
    %vpi_call 2 44 "$display", "data = %b, res = %b", v0000015dad8bbdf0_0, v0000015dad8bbe90_0 {0 0 0};
    %vpi_call 2 45 "$finish" {0 0 0};
    %end;
    .thread T_1;
# The file index is used to find the file name in the following table.
:file_names 3;
    "N/A";
    "<interactive>";
    "priority_encoder.v";
