#! /c/Source/iverilog-install/bin/vvp
:ivl_version "12.0 (devel)" "(s20150603-1539-g2693dd32b)";
:ivl_delay_selection "TYPICAL";
:vpi_time_precision + 0;
:vpi_module "C:\iverilog\lib\ivl\system.vpi";
:vpi_module "C:\iverilog\lib\ivl\vhdl_sys.vpi";
:vpi_module "C:\iverilog\lib\ivl\vhdl_textio.vpi";
:vpi_module "C:\iverilog\lib\ivl\v2005_math.vpi";
:vpi_module "C:\iverilog\lib\ivl\va_math.vpi";
S_0000021e020eeb10 .scope module, "priority_encoder_tb" "priority_encoder_tb" 2 26;
 .timescale 0 0;
v0000021e020eb580_0 .var "A", 7 0;
v0000021e01ff46f0_0 .net "out", 2 0, v0000021e01fc2bf0_0;  1 drivers
S_0000021e020eeca0 .scope module, "ans" "priority_encoder" 2 30, 2 1 0, S_0000021e020eeb10;
 .timescale 0 0;
    .port_info 0 /INPUT 8 "A";
    .port_info 1 /OUTPUT 3 "out";
v0000021e01fc2fe0_0 .net "A", 7 0, v0000021e020eb580_0;  1 drivers
v0000021e01fc2bf0_0 .var "out", 2 0;
E_0000021e01ffa6e0 .event anyedge, v0000021e01fc2fe0_0;
    .scope S_0000021e020eeca0;
T_0 ;
    %wait E_0000021e01ffa6e0;
    %load/vec4 v0000021e01fc2fe0_0;
    %parti/s 1, 7, 4;
    %flag_set/vec4 8;
    %jmp/0xz  T_0.0, 8;
    %pushi/vec4 7, 0, 3;
    %assign/vec4 v0000021e01fc2bf0_0, 0;
    %jmp T_0.1;
T_0.0 ;
    %load/vec4 v0000021e01fc2fe0_0;
    %parti/s 1, 6, 4;
    %flag_set/vec4 8;
    %jmp/0xz  T_0.2, 8;
    %pushi/vec4 6, 0, 3;
    %assign/vec4 v0000021e01fc2bf0_0, 0;
    %jmp T_0.3;
T_0.2 ;
    %load/vec4 v0000021e01fc2fe0_0;
    %parti/s 1, 5, 4;
    %flag_set/vec4 8;
    %jmp/0xz  T_0.4, 8;
    %pushi/vec4 5, 0, 3;
    %assign/vec4 v0000021e01fc2bf0_0, 0;
    %jmp T_0.5;
T_0.4 ;
    %load/vec4 v0000021e01fc2fe0_0;
    %parti/s 1, 4, 4;
    %flag_set/vec4 8;
    %jmp/0xz  T_0.6, 8;
    %pushi/vec4 4, 0, 3;
    %assign/vec4 v0000021e01fc2bf0_0, 0;
    %jmp T_0.7;
T_0.6 ;
    %load/vec4 v0000021e01fc2fe0_0;
    %parti/s 1, 3, 3;
    %flag_set/vec4 8;
    %jmp/0xz  T_0.8, 8;
    %pushi/vec4 3, 0, 3;
    %assign/vec4 v0000021e01fc2bf0_0, 0;
    %jmp T_0.9;
T_0.8 ;
    %load/vec4 v0000021e01fc2fe0_0;
    %parti/s 1, 2, 3;
    %flag_set/vec4 8;
    %jmp/0xz  T_0.10, 8;
    %pushi/vec4 2, 0, 3;
    %assign/vec4 v0000021e01fc2bf0_0, 0;
    %jmp T_0.11;
T_0.10 ;
    %load/vec4 v0000021e01fc2fe0_0;
    %parti/s 1, 1, 2;
    %flag_set/vec4 8;
    %jmp/0xz  T_0.12, 8;
    %pushi/vec4 1, 0, 3;
    %assign/vec4 v0000021e01fc2bf0_0, 0;
    %jmp T_0.13;
T_0.12 ;
    %pushi/vec4 0, 0, 3;
    %assign/vec4 v0000021e01fc2bf0_0, 0;
T_0.13 ;
T_0.11 ;
T_0.9 ;
T_0.7 ;
T_0.5 ;
T_0.3 ;
T_0.1 ;
    %jmp T_0;
    .thread T_0, $push;
    .scope S_0000021e020eeb10;
T_1 ;
    %vpi_call 2 32 "$dumpfile", "priority_encoder.vcd" {0 0 0};
    %vpi_call 2 33 "$dumpvars" {0 0 0};
    %pushi/vec4 1, 0, 8;
    %store/vec4 v0000021e020eb580_0, 0, 8;
    %delay 5, 0;
    %vpi_call 2 36 "$display", "A=%d, Out=%d", v0000021e020eb580_0, v0000021e01ff46f0_0 {0 0 0};
    %pushi/vec4 2, 0, 8;
    %store/vec4 v0000021e020eb580_0, 0, 8;
    %delay 5, 0;
    %vpi_call 2 39 "$display", "A=%d, Out=%d", v0000021e020eb580_0, v0000021e01ff46f0_0 {0 0 0};
    %pushi/vec4 4, 0, 8;
    %store/vec4 v0000021e020eb580_0, 0, 8;
    %delay 5, 0;
    %vpi_call 2 42 "$display", "A=%d, Out=%d", v0000021e020eb580_0, v0000021e01ff46f0_0 {0 0 0};
    %pushi/vec4 8, 0, 8;
    %store/vec4 v0000021e020eb580_0, 0, 8;
    %delay 5, 0;
    %vpi_call 2 45 "$display", "A=%d, Out=%d", v0000021e020eb580_0, v0000021e01ff46f0_0 {0 0 0};
    %pushi/vec4 16, 0, 8;
    %store/vec4 v0000021e020eb580_0, 0, 8;
    %delay 5, 0;
    %vpi_call 2 48 "$display", "A=%d, Out=%d", v0000021e020eb580_0, v0000021e01ff46f0_0 {0 0 0};
    %pushi/vec4 32, 0, 8;
    %store/vec4 v0000021e020eb580_0, 0, 8;
    %delay 5, 0;
    %vpi_call 2 51 "$display", "A=%d, Out=%d", v0000021e020eb580_0, v0000021e01ff46f0_0 {0 0 0};
    %pushi/vec4 64, 0, 8;
    %store/vec4 v0000021e020eb580_0, 0, 8;
    %delay 5, 0;
    %vpi_call 2 54 "$display", "A=%d, Out=%d", v0000021e020eb580_0, v0000021e01ff46f0_0 {0 0 0};
    %pushi/vec4 130, 0, 8;
    %store/vec4 v0000021e020eb580_0, 0, 8;
    %delay 5, 0;
    %vpi_call 2 57 "$display", "A=%d, Out=%d", v0000021e020eb580_0, v0000021e01ff46f0_0 {0 0 0};
    %vpi_call 2 58 "$finish" {0 0 0};
    %end;
    .thread T_1;
# The file index is used to find the file name in the following table.
:file_names 3;
    "N/A";
    "<interactive>";
    "8to3_priority_encoder.v";
