#! /c/Source/iverilog-install/bin/vvp
:ivl_version "12.0 (devel)" "(s20150603-1539-g2693dd32b)";
:ivl_delay_selection "TYPICAL";
:vpi_time_precision + 0;
:vpi_module "C:\iverilog\lib\ivl\system.vpi";
:vpi_module "C:\iverilog\lib\ivl\vhdl_sys.vpi";
:vpi_module "C:\iverilog\lib\ivl\vhdl_textio.vpi";
:vpi_module "C:\iverilog\lib\ivl\v2005_math.vpi";
:vpi_module "C:\iverilog\lib\ivl\va_math.vpi";
S_00000200a49dbc90 .scope module, "Mux8to1_tb" "Mux8to1_tb" 2 16;
 .timescale 0 0;
v00000200a49dd5a0_0 .var "enable", 0 0;
v00000200a49dd640_0 .var "mux_input", 7 0;
v00000200a49dd6e0_0 .net "mux_output", 0 0, v00000200a49dbe20_0;  1 drivers
v00000200a49dd780_0 .var "select", 2 0;
S_00000200a49dd410 .scope module, "mux8to1" "Mux8to1" 2 21, 2 1 0, S_00000200a49dbc90;
 .timescale 0 0;
    .port_info 0 /INPUT 8 "mux_input";
    .port_info 1 /INPUT 3 "select";
    .port_info 2 /INPUT 1 "enable";
    .port_info 3 /OUTPUT 1 "mux_output";
v00000200a4872fe0_0 .net "enable", 0 0, v00000200a49dd5a0_0;  1 drivers
v00000200a49d9860_0 .net "mux_input", 7 0, v00000200a49dd640_0;  1 drivers
v00000200a49dbe20_0 .var "mux_output", 0 0;
v00000200a49dbec0_0 .net "select", 2 0, v00000200a49dd780_0;  1 drivers
E_00000200a489ab80 .event anyedge, v00000200a49dbec0_0, v00000200a49d9860_0;
    .scope S_00000200a49dd410;
T_0 ;
    %wait E_00000200a489ab80;
    %load/vec4 v00000200a49dbec0_0;
    %dup/vec4;
    %pushi/vec4 0, 0, 3;
    %cmp/u;
    %jmp/1 T_0.0, 6;
    %dup/vec4;
    %pushi/vec4 1, 0, 3;
    %cmp/u;
    %jmp/1 T_0.1, 6;
    %dup/vec4;
    %pushi/vec4 2, 0, 3;
    %cmp/u;
    %jmp/1 T_0.2, 6;
    %dup/vec4;
    %pushi/vec4 3, 0, 3;
    %cmp/u;
    %jmp/1 T_0.3, 6;
    %dup/vec4;
    %pushi/vec4 4, 0, 3;
    %cmp/u;
    %jmp/1 T_0.4, 6;
    %dup/vec4;
    %pushi/vec4 5, 0, 3;
    %cmp/u;
    %jmp/1 T_0.5, 6;
    %dup/vec4;
    %pushi/vec4 6, 0, 3;
    %cmp/u;
    %jmp/1 T_0.6, 6;
    %dup/vec4;
    %pushi/vec4 7, 0, 3;
    %cmp/u;
    %jmp/1 T_0.7, 6;
    %jmp T_0.8;
T_0.0 ;
    %load/vec4 v00000200a49d9860_0;
    %parti/s 1, 0, 2;
    %load/vec4 v00000200a4872fe0_0;
    %and;
    %assign/vec4 v00000200a49dbe20_0, 0;
    %jmp T_0.8;
T_0.1 ;
    %load/vec4 v00000200a49d9860_0;
    %parti/s 1, 1, 2;
    %load/vec4 v00000200a4872fe0_0;
    %and;
    %assign/vec4 v00000200a49dbe20_0, 0;
    %jmp T_0.8;
T_0.2 ;
    %load/vec4 v00000200a49d9860_0;
    %parti/s 1, 2, 3;
    %load/vec4 v00000200a4872fe0_0;
    %and;
    %assign/vec4 v00000200a49dbe20_0, 0;
    %jmp T_0.8;
T_0.3 ;
    %load/vec4 v00000200a49d9860_0;
    %parti/s 1, 3, 3;
    %load/vec4 v00000200a4872fe0_0;
    %and;
    %assign/vec4 v00000200a49dbe20_0, 0;
    %jmp T_0.8;
T_0.4 ;
    %load/vec4 v00000200a49d9860_0;
    %parti/s 1, 4, 4;
    %load/vec4 v00000200a4872fe0_0;
    %and;
    %assign/vec4 v00000200a49dbe20_0, 0;
    %jmp T_0.8;
T_0.5 ;
    %load/vec4 v00000200a49d9860_0;
    %parti/s 1, 5, 4;
    %load/vec4 v00000200a4872fe0_0;
    %and;
    %assign/vec4 v00000200a49dbe20_0, 0;
    %jmp T_0.8;
T_0.6 ;
    %load/vec4 v00000200a49d9860_0;
    %parti/s 1, 6, 4;
    %load/vec4 v00000200a4872fe0_0;
    %and;
    %assign/vec4 v00000200a49dbe20_0, 0;
    %jmp T_0.8;
T_0.7 ;
    %load/vec4 v00000200a49d9860_0;
    %parti/s 1, 7, 4;
    %load/vec4 v00000200a4872fe0_0;
    %and;
    %assign/vec4 v00000200a49dbe20_0, 0;
    %jmp T_0.8;
T_0.8 ;
    %pop/vec4 1;
    %jmp T_0;
    .thread T_0, $push;
    .scope S_00000200a49dbc90;
T_1 ;
    %vpi_call 2 23 "$dumpfile", "Mux8to1_tb.vcd" {0 0 0};
    %vpi_call 2 24 "$dumpvars", 32'sb00000000000000000000000000000000, S_00000200a49dbc90 {0 0 0};
    %pushi/vec4 5, 0, 8;
    %store/vec4 v00000200a49dd640_0, 0, 8;
    %pushi/vec4 0, 0, 3;
    %store/vec4 v00000200a49dd780_0, 0, 3;
    %pushi/vec4 0, 0, 1;
    %store/vec4 v00000200a49dd5a0_0, 0, 1;
    %delay 10, 0;
    %vpi_call 2 26 "$display", "mux_input = %b, select = %b, enable = %b, mux_output = %b", v00000200a49dd640_0, v00000200a49dd780_0, v00000200a49dd5a0_0, v00000200a49dd6e0_0 {0 0 0};
    %pushi/vec4 1, 0, 8;
    %store/vec4 v00000200a49dd640_0, 0, 8;
    %pushi/vec4 0, 0, 3;
    %store/vec4 v00000200a49dd780_0, 0, 3;
    %pushi/vec4 1, 0, 1;
    %store/vec4 v00000200a49dd5a0_0, 0, 1;
    %delay 10, 0;
    %vpi_call 2 28 "$display", "mux_input = %b, select = %b, enable = %b, mux_output = %b", v00000200a49dd640_0, v00000200a49dd780_0, v00000200a49dd5a0_0, v00000200a49dd6e0_0 {0 0 0};
    %pushi/vec4 2, 0, 8;
    %store/vec4 v00000200a49dd640_0, 0, 8;
    %pushi/vec4 1, 0, 3;
    %store/vec4 v00000200a49dd780_0, 0, 3;
    %pushi/vec4 1, 0, 1;
    %store/vec4 v00000200a49dd5a0_0, 0, 1;
    %delay 10, 0;
    %vpi_call 2 30 "$display", "mux_input = %b, select = %b, enable = %b, mux_output = %b", v00000200a49dd640_0, v00000200a49dd780_0, v00000200a49dd5a0_0, v00000200a49dd6e0_0 {0 0 0};
    %pushi/vec4 4, 0, 8;
    %store/vec4 v00000200a49dd640_0, 0, 8;
    %pushi/vec4 2, 0, 3;
    %store/vec4 v00000200a49dd780_0, 0, 3;
    %pushi/vec4 1, 0, 1;
    %store/vec4 v00000200a49dd5a0_0, 0, 1;
    %delay 10, 0;
    %vpi_call 2 32 "$display", "mux_input = %b, select = %b, enable = %b, mux_output = %b", v00000200a49dd640_0, v00000200a49dd780_0, v00000200a49dd5a0_0, v00000200a49dd6e0_0 {0 0 0};
    %pushi/vec4 8, 0, 8;
    %store/vec4 v00000200a49dd640_0, 0, 8;
    %pushi/vec4 3, 0, 3;
    %store/vec4 v00000200a49dd780_0, 0, 3;
    %pushi/vec4 1, 0, 1;
    %store/vec4 v00000200a49dd5a0_0, 0, 1;
    %delay 10, 0;
    %vpi_call 2 34 "$display", "mux_input = %b, select = %b, enable = %b, mux_output = %b", v00000200a49dd640_0, v00000200a49dd780_0, v00000200a49dd5a0_0, v00000200a49dd6e0_0 {0 0 0};
    %pushi/vec4 18, 0, 8;
    %store/vec4 v00000200a49dd640_0, 0, 8;
    %pushi/vec4 4, 0, 3;
    %store/vec4 v00000200a49dd780_0, 0, 3;
    %pushi/vec4 1, 0, 1;
    %store/vec4 v00000200a49dd5a0_0, 0, 1;
    %delay 10, 0;
    %vpi_call 2 36 "$display", "mux_input = %b, select = %b, enable = %b, mux_output = %b", v00000200a49dd640_0, v00000200a49dd780_0, v00000200a49dd5a0_0, v00000200a49dd6e0_0 {0 0 0};
    %pushi/vec4 40, 0, 8;
    %store/vec4 v00000200a49dd640_0, 0, 8;
    %pushi/vec4 5, 0, 3;
    %store/vec4 v00000200a49dd780_0, 0, 3;
    %pushi/vec4 1, 0, 1;
    %store/vec4 v00000200a49dd5a0_0, 0, 1;
    %delay 10, 0;
    %vpi_call 2 38 "$display", "mux_input = %b, select = %b, enable = %b, mux_output = %b", v00000200a49dd640_0, v00000200a49dd780_0, v00000200a49dd5a0_0, v00000200a49dd6e0_0 {0 0 0};
    %pushi/vec4 64, 0, 8;
    %store/vec4 v00000200a49dd640_0, 0, 8;
    %pushi/vec4 6, 0, 3;
    %store/vec4 v00000200a49dd780_0, 0, 3;
    %pushi/vec4 1, 0, 1;
    %store/vec4 v00000200a49dd5a0_0, 0, 1;
    %delay 10, 0;
    %vpi_call 2 40 "$display", "mux_input = %b, select = %b, enable = %b, mux_output = %b", v00000200a49dd640_0, v00000200a49dd780_0, v00000200a49dd5a0_0, v00000200a49dd6e0_0 {0 0 0};
    %pushi/vec4 152, 0, 8;
    %store/vec4 v00000200a49dd640_0, 0, 8;
    %pushi/vec4 7, 0, 3;
    %store/vec4 v00000200a49dd780_0, 0, 3;
    %pushi/vec4 1, 0, 1;
    %store/vec4 v00000200a49dd5a0_0, 0, 1;
    %delay 10, 0;
    %vpi_call 2 42 "$display", "mux_input = %b, select = %b, enable = %b, mux_output = %b", v00000200a49dd640_0, v00000200a49dd780_0, v00000200a49dd5a0_0, v00000200a49dd6e0_0 {0 0 0};
    %vpi_call 2 43 "$finish" {0 0 0};
    %end;
    .thread T_1;
# The file index is used to find the file name in the following table.
:file_names 3;
    "N/A";
    "<interactive>";
    "Mux8to1.v";
