#! /c/Source/iverilog-install/bin/vvp
:ivl_version "12.0 (devel)" "(s20150603-1539-g2693dd32b)";
:ivl_delay_selection "TYPICAL";
:vpi_time_precision + 0;
:vpi_module "C:\iverilog\lib\ivl\system.vpi";
:vpi_module "C:\iverilog\lib\ivl\vhdl_sys.vpi";
:vpi_module "C:\iverilog\lib\ivl\vhdl_textio.vpi";
:vpi_module "C:\iverilog\lib\ivl\v2005_math.vpi";
:vpi_module "C:\iverilog\lib\ivl\va_math.vpi";
S_000001968d7eab90 .scope module, "Counter_tb" "Counter_tb" 2 13;
 .timescale 0 0;
v000001968d7ebe10_0 .var "CLK", 0 0;
v000001968d7ebeb0_0 .net "Q", 2 0, v000001968d6d2e70_0;  1 drivers
v000001968d6d29c0_0 .var "RST", 0 0;
v000001968d6d2a60_0 .var/i "clk_pulse", 31 0;
S_000001968d6d2830 .scope module, "counter_inst" "counter" 2 17, 2 1 0, S_000001968d7eab90;
 .timescale 0 0;
    .port_info 0 /INPUT 1 "CLK";
    .port_info 1 /INPUT 1 "RST";
    .port_info 2 /OUTPUT 3 "Q";
v000001968d7ead20_0 .net "CLK", 0 0, v000001968d7ebe10_0;  1 drivers
v000001968d6d2e70_0 .var "Q", 2 0;
v000001968d7ea900_0 .net "RST", 0 0, v000001968d6d29c0_0;  1 drivers
E_000001968d6f7380 .event posedge, v000001968d7ead20_0;
    .scope S_000001968d6d2830;
T_0 ;
    %wait E_000001968d6f7380;
    %load/vec4 v000001968d7ea900_0;
    %flag_set/vec4 8;
    %jmp/0xz  T_0.0, 8;
    %pushi/vec4 0, 0, 3;
    %assign/vec4 v000001968d6d2e70_0, 0;
    %jmp T_0.1;
T_0.0 ;
    %load/vec4 v000001968d6d2e70_0;
    %cmpi/u 0, 0, 3;
    %flag_inv 5; GE is !LT
    %jmp/0xz  T_0.2, 5;
    %load/vec4 v000001968d6d2e70_0;
    %subi 1, 0, 3;
    %assign/vec4 v000001968d6d2e70_0, 0;
    %jmp T_0.3;
T_0.2 ;
    %pushi/vec4 7, 0, 3;
    %assign/vec4 v000001968d6d2e70_0, 0;
T_0.3 ;
T_0.1 ;
    %jmp T_0;
    .thread T_0;
    .scope S_000001968d7eab90;
T_1 ;
    %vpi_call 2 19 "$dumpfile", "Counter_tb.vcd" {0 0 0};
    %vpi_call 2 20 "$dumpvars", 32'sb00000000000000000000000000000000, S_000001968d7eab90 {0 0 0};
    %vpi_call 2 21 "$display", "RST CLK   | Count" {0 0 0};
    %vpi_call 2 22 "$monitor", " %b   %b    | %b", v000001968d6d29c0_0, v000001968d7ebe10_0, v000001968d7ebeb0_0 {0 0 0};
    %pushi/vec4 0, 0, 1;
    %store/vec4 v000001968d6d29c0_0, 0, 1;
    %delay 27, 0;
    %pushi/vec4 1, 0, 1;
    %store/vec4 v000001968d6d29c0_0, 0, 1;
    %delay 5, 0;
    %vpi_call 2 27 "$finish" {0 0 0};
    %end;
    .thread T_1;
    .scope S_000001968d7eab90;
T_2 ;
    %pushi/vec4 1, 0, 1;
    %store/vec4 v000001968d7ebe10_0, 0, 1;
    %pushi/vec4 0, 0, 32;
    %store/vec4 v000001968d6d2a60_0, 0, 32;
T_2.0 ;
    %load/vec4 v000001968d6d2a60_0;
    %cmpi/s 32, 0, 32;
    %jmp/0xz T_2.1, 5;
    %delay 1, 0;
    %load/vec4 v000001968d7ebe10_0;
    %inv;
    %store/vec4 v000001968d7ebe10_0, 0, 1;
    %load/vec4 v000001968d6d2a60_0;
    %addi 1, 0, 32;
    %store/vec4 v000001968d6d2a60_0, 0, 32;
    %jmp T_2.0;
T_2.1 ;
    %end;
    .thread T_2;
# The file index is used to find the file name in the following table.
:file_names 3;
    "N/A";
    "<interactive>";
    "Counter.v";
