#! /c/Source/iverilog-install/bin/vvp
:ivl_version "12.0 (devel)" "(s20150603-1539-g2693dd32b)";
:ivl_delay_selection "TYPICAL";
:vpi_time_precision + 0;
:vpi_module "C:\iverilog\lib\ivl\system.vpi";
:vpi_module "C:\iverilog\lib\ivl\vhdl_sys.vpi";
:vpi_module "C:\iverilog\lib\ivl\vhdl_textio.vpi";
:vpi_module "C:\iverilog\lib\ivl\v2005_math.vpi";
:vpi_module "C:\iverilog\lib\ivl\va_math.vpi";
S_000002040e80ac90 .scope module, "CounterDOWN_tb" "CounterDOWN_tb" 2 25;
 .timescale 0 0;
v000002040e80dc80_0 .var "CLK", 0 0;
v000002040e80dd20_0 .net "Q", 2 0, v000002040e822bf0_0;  1 drivers
v000002040e80ddc0_0 .var "RST", 0 0;
v000002040e80bc50_0 .var "UP", 0 0;
v000002040e80bcf0_0 .var/i "clk_pulse", 31 0;
S_000002040e80da50 .scope module, "counter_inst" "counter_down" 2 29, 2 1 0, S_000002040e80ac90;
 .timescale 0 0;
    .port_info 0 /INPUT 1 "CLK";
    .port_info 1 /INPUT 1 "RST";
    .port_info 2 /INPUT 1 "UP";
    .port_info 3 /OUTPUT 3 "Q";
v000002040e80ae20_0 .net "CLK", 0 0, v000002040e80dc80_0;  1 drivers
v000002040e822bf0_0 .var "Q", 2 0;
v000002040e80a900_0 .var "Q_bin", 2 0;
v000002040e80a9a0_0 .net "RST", 0 0, v000002040e80ddc0_0;  1 drivers
v000002040e80dbe0_0 .net "UP", 0 0, v000002040e80bc50_0;  1 drivers
E_000002040e845320 .event posedge, v000002040e80ae20_0;
    .scope S_000002040e80da50;
T_0 ;
    %wait E_000002040e845320;
    %load/vec4 v000002040e80a9a0_0;
    %flag_set/vec4 8;
    %jmp/0xz  T_0.0, 8;
    %pushi/vec4 0, 0, 3;
    %assign/vec4 v000002040e80a900_0, 0;
    %pushi/vec4 0, 0, 3;
    %assign/vec4 v000002040e822bf0_0, 0;
    %jmp T_0.1;
T_0.0 ;
    %load/vec4 v000002040e80a900_0;
    %cmpi/u 0, 0, 3;
    %flag_inv 5; GE is !LT
    %jmp/0xz  T_0.2, 5;
    %load/vec4 v000002040e80dbe0_0;
    %flag_set/vec4 8;
    %jmp/0xz  T_0.4, 8;
    %load/vec4 v000002040e80a900_0;
    %subi 1, 0, 3;
    %store/vec4 v000002040e80a900_0, 0, 3;
    %jmp T_0.5;
T_0.4 ;
    %load/vec4 v000002040e80a900_0;
    %store/vec4 v000002040e80a900_0, 0, 3;
T_0.5 ;
    %jmp T_0.3;
T_0.2 ;
    %load/vec4 v000002040e80dbe0_0;
    %flag_set/vec4 8;
    %jmp/0xz  T_0.6, 8;
    %pushi/vec4 7, 0, 3;
    %store/vec4 v000002040e80a900_0, 0, 3;
T_0.6 ;
T_0.3 ;
    %load/vec4 v000002040e80a900_0;
    %parti/s 1, 0, 2;
    %load/vec4 v000002040e80a900_0;
    %parti/s 1, 1, 2;
    %xor;
    %ix/load 4, 0, 0;
    %ix/load 5, 0, 0;
    %flag_set/imm 4, 0;
    %assign/vec4/off/d v000002040e822bf0_0, 4, 5;
    %load/vec4 v000002040e80a900_0;
    %parti/s 1, 1, 2;
    %load/vec4 v000002040e80a900_0;
    %parti/s 1, 2, 3;
    %xor;
    %ix/load 4, 1, 0;
    %ix/load 5, 0, 0;
    %flag_set/imm 4, 0;
    %assign/vec4/off/d v000002040e822bf0_0, 4, 5;
    %load/vec4 v000002040e80a900_0;
    %parti/s 1, 2, 3;
    %ix/load 4, 2, 0;
    %ix/load 5, 0, 0;
    %flag_set/imm 4, 0;
    %assign/vec4/off/d v000002040e822bf0_0, 4, 5;
T_0.1 ;
    %jmp T_0;
    .thread T_0;
    .scope S_000002040e80ac90;
T_1 ;
    %vpi_call 2 31 "$dumpfile", "CounterDOWN_tb.vcd" {0 0 0};
    %vpi_call 2 32 "$dumpvars", 32'sb00000000000000000000000000000000, S_000002040e80ac90 {0 0 0};
    %vpi_call 2 33 "$display", "RST UP CLK   | Count" {0 0 0};
    %vpi_call 2 34 "$monitor", " %b  %b   %b    | %b", v000002040e80ddc0_0, v000002040e80bc50_0, v000002040e80dc80_0, v000002040e80dd20_0 {0 0 0};
    %pushi/vec4 0, 0, 1;
    %store/vec4 v000002040e80ddc0_0, 0, 1;
    %pushi/vec4 1, 0, 1;
    %store/vec4 v000002040e80bc50_0, 0, 1;
    %delay 25, 0;
    %pushi/vec4 0, 0, 1;
    %store/vec4 v000002040e80ddc0_0, 0, 1;
    %pushi/vec4 0, 0, 1;
    %store/vec4 v000002040e80bc50_0, 0, 1;
    %delay 2, 0;
    %pushi/vec4 1, 0, 1;
    %store/vec4 v000002040e80ddc0_0, 0, 1;
    %pushi/vec4 1, 0, 1;
    %store/vec4 v000002040e80bc50_0, 0, 1;
    %delay 3, 0;
    %vpi_call 2 40 "$finish" {0 0 0};
    %end;
    .thread T_1;
    .scope S_000002040e80ac90;
T_2 ;
    %pushi/vec4 1, 0, 1;
    %store/vec4 v000002040e80dc80_0, 0, 1;
    %pushi/vec4 0, 0, 32;
    %store/vec4 v000002040e80bcf0_0, 0, 32;
T_2.0 ;
    %load/vec4 v000002040e80bcf0_0;
    %cmpi/s 34, 0, 32;
    %jmp/0xz T_2.1, 5;
    %delay 1, 0;
    %load/vec4 v000002040e80dc80_0;
    %inv;
    %store/vec4 v000002040e80dc80_0, 0, 1;
    %load/vec4 v000002040e80bcf0_0;
    %addi 1, 0, 32;
    %store/vec4 v000002040e80bcf0_0, 0, 32;
    %jmp T_2.0;
T_2.1 ;
    %end;
    .thread T_2;
# The file index is used to find the file name in the following table.
:file_names 3;
    "N/A";
    "<interactive>";
    "GreyCodeDownCounter.v";
