#! /c/Source/iverilog-install/bin/vvp
:ivl_version "12.0 (devel)" "(s20150603-1539-g2693dd32b)";
:ivl_delay_selection "TYPICAL";
:vpi_time_precision + 0;
:vpi_module "C:\iverilog\lib\ivl\system.vpi";
:vpi_module "C:\iverilog\lib\ivl\vhdl_sys.vpi";
:vpi_module "C:\iverilog\lib\ivl\vhdl_textio.vpi";
:vpi_module "C:\iverilog\lib\ivl\v2005_math.vpi";
:vpi_module "C:\iverilog\lib\ivl\va_math.vpi";
S_000001709ebb7580 .scope module, "mooreFSM_testbench" "mooreFSM_testbench" 2 46;
 .timescale 0 0;
v000001709eba5aa0_0 .var "A", 0 0;
v000001709eba5b40_0 .var "B", 0 0;
v000001709eba5be0_0 .var "clk", 0 0;
v000001709eba5c80_0 .net "out", 0 0, v000001709eba5a00_0;  1 drivers
v000001709eba5d20_0 .var "reset", 0 0;
S_000001709ebb7710 .scope module, "M" "mooreFSM" 2 49, 2 1 0, S_000001709ebb7580;
 .timescale 0 0;
    .port_info 0 /INPUT 1 "CLK";
    .port_info 1 /INPUT 1 "RST";
    .port_info 2 /INPUT 1 "A";
    .port_info 3 /INPUT 1 "B";
    .port_info 4 /OUTPUT 1 "out";
P_000001709ebb78a0 .param/l "S0" 1 2 2, +C4<00000000000000000000000000000001>;
P_000001709ebb78d8 .param/l "S1" 1 2 3, +C4<00000000000000000000000000000010>;
P_000001709ebb7910 .param/l "S2" 1 2 4, +C4<00000000000000000000000000000011>;
v000001709eb82e90_0 .net "A", 0 0, v000001709eba5aa0_0;  1 drivers
v000001709eb82c30_0 .net "B", 0 0, v000001709eba5b40_0;  1 drivers
v000001709ebb7950_0 .net "CLK", 0 0, v000001709eba5be0_0;  1 drivers
v000001709eba5820_0 .var "CurrentState", 1 0;
v000001709eba58c0_0 .var "NextState", 1 0;
v000001709eba5960_0 .net "RST", 0 0, v000001709eba5d20_0;  1 drivers
v000001709eba5a00_0 .var "out", 0 0;
E_000001709eba8210 .event anyedge, v000001709eba5820_0;
E_000001709eba8250 .event anyedge, v000001709eba5820_0, v000001709eb82e90_0, v000001709eb82c30_0;
E_000001709eba8990 .event posedge, v000001709ebb7950_0;
    .scope S_000001709ebb7710;
T_0 ;
    %wait E_000001709eba8990;
    %load/vec4 v000001709eba5960_0;
    %flag_set/vec4 8;
    %jmp/0xz  T_0.0, 8;
    %pushi/vec4 1, 0, 2;
    %assign/vec4 v000001709eba5820_0, 0;
    %jmp T_0.1;
T_0.0 ;
    %load/vec4 v000001709eba58c0_0;
    %assign/vec4 v000001709eba5820_0, 0;
T_0.1 ;
    %jmp T_0;
    .thread T_0;
    .scope S_000001709ebb7710;
T_1 ;
    %wait E_000001709eba8250;
    %load/vec4 v000001709eba5820_0;
    %dup/vec4;
    %pushi/vec4 1, 0, 2;
    %cmp/u;
    %jmp/1 T_1.0, 6;
    %dup/vec4;
    %pushi/vec4 2, 0, 2;
    %cmp/u;
    %jmp/1 T_1.1, 6;
    %dup/vec4;
    %pushi/vec4 3, 0, 2;
    %cmp/u;
    %jmp/1 T_1.2, 6;
    %jmp T_1.3;
T_1.0 ;
    %load/vec4 v000001709eb82e90_0;
    %flag_set/vec4 8;
    %jmp/0xz  T_1.4, 8;
    %pushi/vec4 2, 0, 2;
    %assign/vec4 v000001709eba58c0_0, 0;
    %jmp T_1.5;
T_1.4 ;
    %load/vec4 v000001709eb82e90_0;
    %nor/r;
    %flag_set/vec4 8;
    %jmp/0xz  T_1.6, 8;
    %pushi/vec4 1, 0, 2;
    %assign/vec4 v000001709eba58c0_0, 0;
    %jmp T_1.7;
T_1.6 ;
    %pushi/vec4 0, 3, 2;
    %assign/vec4 v000001709eba58c0_0, 0;
T_1.7 ;
T_1.5 ;
    %jmp T_1.3;
T_1.1 ;
    %load/vec4 v000001709eb82c30_0;
    %flag_set/vec4 8;
    %jmp/0xz  T_1.8, 8;
    %pushi/vec4 3, 0, 2;
    %assign/vec4 v000001709eba58c0_0, 0;
    %jmp T_1.9;
T_1.8 ;
    %load/vec4 v000001709eb82c30_0;
    %nor/r;
    %flag_set/vec4 8;
    %jmp/0xz  T_1.10, 8;
    %pushi/vec4 1, 0, 2;
    %assign/vec4 v000001709eba58c0_0, 0;
    %jmp T_1.11;
T_1.10 ;
    %pushi/vec4 0, 3, 2;
    %assign/vec4 v000001709eba58c0_0, 0;
T_1.11 ;
T_1.9 ;
    %jmp T_1.3;
T_1.2 ;
    %load/vec4 v000001709eb82e90_0;
    %load/vec4 v000001709eb82e90_0;
    %nor/r;
    %or;
    %load/vec4 v000001709eb82c30_0;
    %or;
    %load/vec4 v000001709eb82c30_0;
    %nor/r;
    %or;
    %flag_set/vec4 8;
    %jmp/0xz  T_1.12, 8;
    %pushi/vec4 1, 0, 2;
    %assign/vec4 v000001709eba58c0_0, 0;
    %jmp T_1.13;
T_1.12 ;
    %pushi/vec4 0, 3, 2;
    %assign/vec4 v000001709eba58c0_0, 0;
T_1.13 ;
    %jmp T_1.3;
T_1.3 ;
    %pop/vec4 1;
    %jmp T_1;
    .thread T_1, $push;
    .scope S_000001709ebb7710;
T_2 ;
    %wait E_000001709eba8210;
    %load/vec4 v000001709eba5820_0;
    %pad/u 32;
    %cmpi/e 3, 0, 32;
    %jmp/0xz  T_2.0, 4;
    %pushi/vec4 1, 0, 1;
    %assign/vec4 v000001709eba5a00_0, 0;
    %jmp T_2.1;
T_2.0 ;
    %load/vec4 v000001709eba5820_0;
    %pad/u 32;
    %pushi/vec4 2, 0, 32;
    %cmp/e;
    %flag_get/vec4 4;
    %load/vec4 v000001709eba5820_0;
    %pad/u 32;
    %pushi/vec4 1, 0, 32;
    %cmp/e;
    %flag_get/vec4 4;
    %or;
    %flag_set/vec4 8;
    %jmp/0xz  T_2.2, 8;
    %pushi/vec4 0, 0, 1;
    %assign/vec4 v000001709eba5a00_0, 0;
    %jmp T_2.3;
T_2.2 ;
    %pushi/vec4 0, 1, 1;
    %assign/vec4 v000001709eba5a00_0, 0;
T_2.3 ;
T_2.1 ;
    %jmp T_2;
    .thread T_2, $push;
    .scope S_000001709ebb7580;
T_3 ;
    %delay 2, 0;
    %load/vec4 v000001709eba5be0_0;
    %inv;
    %store/vec4 v000001709eba5be0_0, 0, 1;
    %jmp T_3;
    .thread T_3;
    .scope S_000001709ebb7580;
T_4 ;
    %vpi_call 2 53 "$dumpfile", "mooreFSM.vcd" {0 0 0};
    %vpi_call 2 54 "$dumpvars" {0 0 0};
    %pushi/vec4 1, 0, 1;
    %store/vec4 v000001709eba5d20_0, 0, 1;
    %pushi/vec4 0, 0, 1;
    %store/vec4 v000001709eba5be0_0, 0, 1;
    %delay 4, 0;
    %vpi_call 2 57 "$display", "CLK = %b, Reset = %b, A = %b, B = %b, Out = %b", v000001709eba5be0_0, v000001709eba5d20_0, v000001709eba5aa0_0, v000001709eba5b40_0, v000001709eba5c80_0 {0 0 0};
    %pushi/vec4 0, 0, 1;
    %store/vec4 v000001709eba5d20_0, 0, 1;
    %pushi/vec4 1, 0, 1;
    %store/vec4 v000001709eba5aa0_0, 0, 1;
    %pushi/vec4 0, 1, 1;
    %store/vec4 v000001709eba5b40_0, 0, 1;
    %delay 4, 0;
    %vpi_call 2 60 "$display", "CLK = %b, Reset = %b, A = %b, B = %b, Out = %b", v000001709eba5be0_0, v000001709eba5d20_0, v000001709eba5aa0_0, v000001709eba5b40_0, v000001709eba5c80_0 {0 0 0};
    %pushi/vec4 0, 1, 1;
    %store/vec4 v000001709eba5aa0_0, 0, 1;
    %pushi/vec4 1, 0, 1;
    %store/vec4 v000001709eba5b40_0, 0, 1;
    %delay 4, 0;
    %vpi_call 2 62 "$display", "CLK = %b, Reset = %b, A = %b, B = %b, Out = %b", v000001709eba5be0_0, v000001709eba5d20_0, v000001709eba5aa0_0, v000001709eba5b40_0, v000001709eba5c80_0 {0 0 0};
    %pushi/vec4 1, 0, 1;
    %store/vec4 v000001709eba5aa0_0, 0, 1;
    %pushi/vec4 0, 0, 1;
    %store/vec4 v000001709eba5b40_0, 0, 1;
    %delay 4, 0;
    %vpi_call 2 64 "$display", "CLK = %b, Reset = %b, A = %b, B = %b, Out = %b", v000001709eba5be0_0, v000001709eba5d20_0, v000001709eba5aa0_0, v000001709eba5b40_0, v000001709eba5c80_0 {0 0 0};
    %pushi/vec4 0, 0, 1;
    %store/vec4 v000001709eba5aa0_0, 0, 1;
    %pushi/vec4 0, 0, 1;
    %store/vec4 v000001709eba5b40_0, 0, 1;
    %delay 4, 0;
    %vpi_call 2 66 "$display", "CLK = %b, Reset = %b, A = %b, B = %b, Out = %b", v000001709eba5be0_0, v000001709eba5d20_0, v000001709eba5aa0_0, v000001709eba5b40_0, v000001709eba5c80_0 {0 0 0};
    %pushi/vec4 1, 0, 1;
    %store/vec4 v000001709eba5aa0_0, 0, 1;
    %pushi/vec4 1, 0, 1;
    %store/vec4 v000001709eba5b40_0, 0, 1;
    %delay 4, 0;
    %vpi_call 2 68 "$display", "CLK = %b, Reset = %b, A = %b, B = %b, Out = %b", v000001709eba5be0_0, v000001709eba5d20_0, v000001709eba5aa0_0, v000001709eba5b40_0, v000001709eba5c80_0 {0 0 0};
    %pushi/vec4 0, 0, 1;
    %store/vec4 v000001709eba5aa0_0, 0, 1;
    %pushi/vec4 1, 0, 1;
    %store/vec4 v000001709eba5b40_0, 0, 1;
    %delay 4, 0;
    %vpi_call 2 70 "$display", "CLK = %b, Reset = %b, A = %b, B = %b, Out = %b", v000001709eba5be0_0, v000001709eba5d20_0, v000001709eba5aa0_0, v000001709eba5b40_0, v000001709eba5c80_0 {0 0 0};
    %pushi/vec4 1, 0, 1;
    %store/vec4 v000001709eba5aa0_0, 0, 1;
    %pushi/vec4 0, 0, 1;
    %store/vec4 v000001709eba5b40_0, 0, 1;
    %delay 4, 0;
    %vpi_call 2 72 "$display", "CLK = %b, Reset = %b, A = %b, B = %b, Out = %b", v000001709eba5be0_0, v000001709eba5d20_0, v000001709eba5aa0_0, v000001709eba5b40_0, v000001709eba5c80_0 {0 0 0};
    %vpi_call 2 73 "$finish" {0 0 0};
    %end;
    .thread T_4;
# The file index is used to find the file name in the following table.
:file_names 3;
    "N/A";
    "<interactive>";
    "Moore_Machine.v";
