#! /c/Source/iverilog-install/bin/vvp
:ivl_version "12.0 (devel)" "(s20150603-1539-g2693dd32b)";
:ivl_delay_selection "TYPICAL";
:vpi_time_precision + 0;
:vpi_module "C:\iverilog\lib\ivl\system.vpi";
:vpi_module "C:\iverilog\lib\ivl\vhdl_sys.vpi";
:vpi_module "C:\iverilog\lib\ivl\vhdl_textio.vpi";
:vpi_module "C:\iverilog\lib\ivl\v2005_math.vpi";
:vpi_module "C:\iverilog\lib\ivl\va_math.vpi";
S_00000182316fb360 .scope module, "melayFSM_testbench" "melayFSM_testbench" 2 69;
 .timescale 0 0;
v0000018231741da0_0 .var "A", 0 0;
v0000018231741e40_0 .var "B", 0 0;
v0000018231741ee0_0 .var "clk", 0 0;
v0000018231741f80_0 .net "out", 0 0, v0000018231741d00_0;  1 drivers
v0000018231742020_0 .var "reset", 0 0;
S_000001823174a850 .scope module, "M" "melayFSM" 2 73, 2 1 0, S_00000182316fb360;
 .timescale 0 0;
    .port_info 0 /INPUT 1 "CLK";
    .port_info 1 /INPUT 1 "RST";
    .port_info 2 /INPUT 1 "A";
    .port_info 3 /INPUT 1 "B";
    .port_info 4 /OUTPUT 1 "out";
P_000001823174a9e0 .param/l "S0" 1 2 2, +C4<00000000000000000000000000000000>;
P_000001823174aa18 .param/l "S1" 1 2 3, +C4<00000000000000000000000000000001>;
P_000001823174aa50 .param/l "S2" 1 2 4, +C4<00000000000000000000000000000010>;
v000001823174aa90_0 .net "A", 0 0, v0000018231741da0_0;  1 drivers
v0000018231712c30_0 .net "B", 0 0, v0000018231741e40_0;  1 drivers
v00000182316fbe90_0 .net "CLK", 0 0, v0000018231741ee0_0;  1 drivers
v000001823174ab30_0 .net "RST", 0 0, v0000018231742020_0;  1 drivers
v000001823174abd0_0 .var "State", 1 0;
v0000018231741d00_0 .var "out", 0 0;
E_00000182316fa660 .event posedge, v00000182316fbe90_0;
    .scope S_000001823174a850;
T_0 ;
    %wait E_00000182316fa660;
    %load/vec4 v000001823174ab30_0;
    %flag_set/vec4 8;
    %jmp/0xz  T_0.0, 8;
    %pushi/vec4 0, 0, 2;
    %assign/vec4 v000001823174abd0_0, 0;
    %jmp T_0.1;
T_0.0 ;
    %load/vec4 v000001823174abd0_0;
    %dup/vec4;
    %pushi/vec4 0, 0, 2;
    %cmp/u;
    %jmp/1 T_0.2, 6;
    %dup/vec4;
    %pushi/vec4 1, 0, 2;
    %cmp/u;
    %jmp/1 T_0.3, 6;
    %dup/vec4;
    %pushi/vec4 2, 0, 2;
    %cmp/u;
    %jmp/1 T_0.4, 6;
    %pushi/vec4 0, 1, 1;
    %assign/vec4 v0000018231741d00_0, 0;
    %pushi/vec4 0, 1, 2;
    %assign/vec4 v000001823174abd0_0, 0;
    %jmp T_0.6;
T_0.2 ;
    %load/vec4 v000001823174aa90_0;
    %flag_set/vec4 8;
    %jmp/0xz  T_0.7, 8;
    %pushi/vec4 0, 0, 1;
    %assign/vec4 v0000018231741d00_0, 0;
    %pushi/vec4 1, 0, 2;
    %assign/vec4 v000001823174abd0_0, 0;
    %jmp T_0.8;
T_0.7 ;
    %load/vec4 v000001823174aa90_0;
    %nor/r;
    %flag_set/vec4 8;
    %jmp/0xz  T_0.9, 8;
    %pushi/vec4 0, 0, 1;
    %assign/vec4 v0000018231741d00_0, 0;
    %pushi/vec4 0, 0, 2;
    %assign/vec4 v000001823174abd0_0, 0;
    %jmp T_0.10;
T_0.9 ;
    %pushi/vec4 0, 1, 1;
    %assign/vec4 v0000018231741d00_0, 0;
    %pushi/vec4 0, 3, 2;
    %assign/vec4 v000001823174abd0_0, 0;
T_0.10 ;
T_0.8 ;
    %jmp T_0.6;
T_0.3 ;
    %load/vec4 v0000018231712c30_0;
    %flag_set/vec4 8;
    %jmp/0xz  T_0.11, 8;
    %pushi/vec4 0, 0, 1;
    %assign/vec4 v0000018231741d00_0, 0;
    %pushi/vec4 2, 0, 2;
    %assign/vec4 v000001823174abd0_0, 0;
    %jmp T_0.12;
T_0.11 ;
    %load/vec4 v0000018231712c30_0;
    %nor/r;
    %flag_set/vec4 8;
    %jmp/0xz  T_0.13, 8;
    %pushi/vec4 0, 0, 1;
    %assign/vec4 v0000018231741d00_0, 0;
    %pushi/vec4 0, 0, 2;
    %assign/vec4 v000001823174abd0_0, 0;
    %jmp T_0.14;
T_0.13 ;
    %pushi/vec4 0, 1, 1;
    %assign/vec4 v0000018231741d00_0, 0;
    %pushi/vec4 0, 3, 2;
    %assign/vec4 v000001823174abd0_0, 0;
T_0.14 ;
T_0.12 ;
    %jmp T_0.6;
T_0.4 ;
    %load/vec4 v000001823174aa90_0;
    %nor/r;
    %load/vec4 v0000018231712c30_0;
    %nor/r;
    %or;
    %flag_set/vec4 8;
    %jmp/0xz  T_0.15, 8;
    %pushi/vec4 0, 0, 1;
    %assign/vec4 v0000018231741d00_0, 0;
    %pushi/vec4 0, 0, 2;
    %assign/vec4 v000001823174abd0_0, 0;
    %jmp T_0.16;
T_0.15 ;
    %load/vec4 v000001823174aa90_0;
    %load/vec4 v0000018231712c30_0;
    %and;
    %flag_set/vec4 8;
    %jmp/0xz  T_0.17, 8;
    %pushi/vec4 1, 0, 1;
    %assign/vec4 v0000018231741d00_0, 0;
    %pushi/vec4 2, 0, 2;
    %assign/vec4 v000001823174abd0_0, 0;
    %jmp T_0.18;
T_0.17 ;
    %pushi/vec4 0, 1, 1;
    %assign/vec4 v0000018231741d00_0, 0;
    %pushi/vec4 0, 3, 2;
    %assign/vec4 v000001823174abd0_0, 0;
T_0.18 ;
T_0.16 ;
    %jmp T_0.6;
T_0.6 ;
    %pop/vec4 1;
T_0.1 ;
    %jmp T_0;
    .thread T_0;
    .scope S_00000182316fb360;
T_1 ;
    %delay 2, 0;
    %load/vec4 v0000018231741ee0_0;
    %inv;
    %store/vec4 v0000018231741ee0_0, 0, 1;
    %jmp T_1;
    .thread T_1;
    .scope S_00000182316fb360;
T_2 ;
    %vpi_call 2 77 "$dumpfile", "melayFSM.vcd" {0 0 0};
    %vpi_call 2 78 "$dumpvars" {0 0 0};
    %pushi/vec4 1, 0, 1;
    %store/vec4 v0000018231742020_0, 0, 1;
    %pushi/vec4 0, 0, 1;
    %store/vec4 v0000018231741ee0_0, 0, 1;
    %delay 4, 0;
    %vpi_call 2 81 "$display", "CLK = %b, Reset = %b, A = %b, B = %b, Out = %b", v0000018231741ee0_0, v0000018231742020_0, v0000018231741da0_0, v0000018231741e40_0, v0000018231741f80_0 {0 0 0};
    %pushi/vec4 0, 0, 1;
    %store/vec4 v0000018231742020_0, 0, 1;
    %pushi/vec4 1, 0, 1;
    %store/vec4 v0000018231741da0_0, 0, 1;
    %pushi/vec4 0, 1, 1;
    %store/vec4 v0000018231741e40_0, 0, 1;
    %delay 4, 0;
    %vpi_call 2 84 "$display", "CLK = %b, Reset = %b, A = %b, B = %b, Out = %b", v0000018231741ee0_0, v0000018231742020_0, v0000018231741da0_0, v0000018231741e40_0, v0000018231741f80_0 {0 0 0};
    %pushi/vec4 0, 1, 1;
    %store/vec4 v0000018231741da0_0, 0, 1;
    %pushi/vec4 1, 0, 1;
    %store/vec4 v0000018231741e40_0, 0, 1;
    %delay 4, 0;
    %vpi_call 2 86 "$display", "CLK = %b, Reset = %b, A = %b, B = %b, Out = %b", v0000018231741ee0_0, v0000018231742020_0, v0000018231741da0_0, v0000018231741e40_0, v0000018231741f80_0 {0 0 0};
    %pushi/vec4 1, 0, 1;
    %store/vec4 v0000018231741da0_0, 0, 1;
    %pushi/vec4 1, 0, 1;
    %store/vec4 v0000018231741e40_0, 0, 1;
    %delay 4, 0;
    %vpi_call 2 88 "$display", "CLK = %b, Reset = %b, A = %b, B = %b, Out = %b", v0000018231741ee0_0, v0000018231742020_0, v0000018231741da0_0, v0000018231741e40_0, v0000018231741f80_0 {0 0 0};
    %pushi/vec4 1, 0, 1;
    %store/vec4 v0000018231741da0_0, 0, 1;
    %pushi/vec4 1, 0, 1;
    %store/vec4 v0000018231741e40_0, 0, 1;
    %delay 4, 0;
    %vpi_call 2 90 "$display", "CLK = %b, Reset = %b, A = %b, B = %b, Out = %b", v0000018231741ee0_0, v0000018231742020_0, v0000018231741da0_0, v0000018231741e40_0, v0000018231741f80_0 {0 0 0};
    %pushi/vec4 0, 0, 1;
    %store/vec4 v0000018231741da0_0, 0, 1;
    %pushi/vec4 1, 0, 1;
    %store/vec4 v0000018231741e40_0, 0, 1;
    %delay 4, 0;
    %vpi_call 2 92 "$display", "CLK = %b, Reset = %b, A = %b, B = %b, Out = %b", v0000018231741ee0_0, v0000018231742020_0, v0000018231741da0_0, v0000018231741e40_0, v0000018231741f80_0 {0 0 0};
    %pushi/vec4 1, 0, 1;
    %store/vec4 v0000018231741da0_0, 0, 1;
    %pushi/vec4 0, 0, 1;
    %store/vec4 v0000018231741e40_0, 0, 1;
    %delay 4, 0;
    %vpi_call 2 94 "$display", "CLK = %b, Reset = %b, A = %b, B = %b, Out = %b", v0000018231741ee0_0, v0000018231742020_0, v0000018231741da0_0, v0000018231741e40_0, v0000018231741f80_0 {0 0 0};
    %pushi/vec4 0, 1, 1;
    %store/vec4 v0000018231741da0_0, 0, 1;
    %pushi/vec4 1, 0, 1;
    %store/vec4 v0000018231741e40_0, 0, 1;
    %delay 4, 0;
    %vpi_call 2 96 "$display", "CLK = %b, Reset = %b, A = %b, B = %b, Out = %b", v0000018231741ee0_0, v0000018231742020_0, v0000018231741da0_0, v0000018231741e40_0, v0000018231741f80_0 {0 0 0};
    %pushi/vec4 1, 0, 1;
    %store/vec4 v0000018231741da0_0, 0, 1;
    %pushi/vec4 1, 0, 1;
    %store/vec4 v0000018231741e40_0, 0, 1;
    %delay 4, 0;
    %vpi_call 2 98 "$display", "CLK = %b, Reset = %b, A = %b, B = %b, Out = %b", v0000018231741ee0_0, v0000018231742020_0, v0000018231741da0_0, v0000018231741e40_0, v0000018231741f80_0 {0 0 0};
    %vpi_call 2 99 "$finish" {0 0 0};
    %end;
    .thread T_2;
# The file index is used to find the file name in the following table.
:file_names 3;
    "N/A";
    "<interactive>";
    "Melay_Machine.v";
