#! /c/Source/iverilog-install/bin/vvp
:ivl_version "12.0 (devel)" "(s20150603-1539-g2693dd32b)";
:ivl_delay_selection "TYPICAL";
:vpi_time_precision + 0;
:vpi_module "C:\iverilog\lib\ivl\system.vpi";
:vpi_module "C:\iverilog\lib\ivl\vhdl_sys.vpi";
:vpi_module "C:\iverilog\lib\ivl\vhdl_textio.vpi";
:vpi_module "C:\iverilog\lib\ivl\v2005_math.vpi";
:vpi_module "C:\iverilog\lib\ivl\va_math.vpi";
S_0000027b37e94b00 .scope module, "mux_tb" "mux_tb" 2 19;
 .timescale 0 0;
v0000027b37bfd550_0 .var "E", 0 0;
v0000027b37bfd5f0_0 .var "I", 7 0;
v0000027b37bfd690_0 .var "S", 2 0;
v0000027b37bfd730_0 .net "out", 0 0, v0000027b37e94810_0;  1 drivers
S_0000027b37bfd3c0 .scope module, "ans" "mux" 2 25, 2 1 0, S_0000027b37e94b00;
 .timescale 0 0;
    .port_info 0 /INPUT 3 "S";
    .port_info 1 /INPUT 1 "E";
    .port_info 2 /INPUT 8 "I";
    .port_info 3 /OUTPUT 1 "out";
v0000027b37e72fe0_0 .net "E", 0 0, v0000027b37bfd550_0;  1 drivers
v0000027b37e73200_0 .net "I", 7 0, v0000027b37bfd5f0_0;  1 drivers
v0000027b37bfbe90_0 .net "S", 2 0, v0000027b37bfd690_0;  1 drivers
v0000027b37e94810_0 .var "out", 0 0;
E_0000027b37e970c0 .event anyedge, v0000027b37bfbe90_0, v0000027b37e72fe0_0, v0000027b37e73200_0;
    .scope S_0000027b37bfd3c0;
T_0 ;
    %wait E_0000027b37e970c0;
    %load/vec4 v0000027b37bfbe90_0;
    %dup/vec4;
    %pushi/vec4 0, 0, 3;
    %cmp/u;
    %jmp/1 T_0.0, 6;
    %dup/vec4;
    %pushi/vec4 1, 0, 3;
    %cmp/u;
    %jmp/1 T_0.1, 6;
    %dup/vec4;
    %pushi/vec4 2, 0, 3;
    %cmp/u;
    %jmp/1 T_0.2, 6;
    %dup/vec4;
    %pushi/vec4 3, 0, 3;
    %cmp/u;
    %jmp/1 T_0.3, 6;
    %dup/vec4;
    %pushi/vec4 4, 0, 3;
    %cmp/u;
    %jmp/1 T_0.4, 6;
    %dup/vec4;
    %pushi/vec4 5, 0, 3;
    %cmp/u;
    %jmp/1 T_0.5, 6;
    %dup/vec4;
    %pushi/vec4 6, 0, 3;
    %cmp/u;
    %jmp/1 T_0.6, 6;
    %dup/vec4;
    %pushi/vec4 7, 0, 3;
    %cmp/u;
    %jmp/1 T_0.7, 6;
    %jmp T_0.8;
T_0.0 ;
    %load/vec4 v0000027b37e72fe0_0;
    %load/vec4 v0000027b37e73200_0;
    %parti/s 1, 0, 2;
    %and;
    %store/vec4 v0000027b37e94810_0, 0, 1;
    %jmp T_0.8;
T_0.1 ;
    %load/vec4 v0000027b37e72fe0_0;
    %load/vec4 v0000027b37e73200_0;
    %parti/s 1, 1, 2;
    %and;
    %store/vec4 v0000027b37e94810_0, 0, 1;
    %jmp T_0.8;
T_0.2 ;
    %load/vec4 v0000027b37e72fe0_0;
    %load/vec4 v0000027b37e73200_0;
    %parti/s 1, 2, 3;
    %and;
    %store/vec4 v0000027b37e94810_0, 0, 1;
    %jmp T_0.8;
T_0.3 ;
    %load/vec4 v0000027b37e72fe0_0;
    %load/vec4 v0000027b37e73200_0;
    %parti/s 1, 3, 3;
    %and;
    %store/vec4 v0000027b37e94810_0, 0, 1;
    %jmp T_0.8;
T_0.4 ;
    %load/vec4 v0000027b37e72fe0_0;
    %load/vec4 v0000027b37e73200_0;
    %parti/s 1, 4, 4;
    %and;
    %store/vec4 v0000027b37e94810_0, 0, 1;
    %jmp T_0.8;
T_0.5 ;
    %load/vec4 v0000027b37e72fe0_0;
    %load/vec4 v0000027b37e73200_0;
    %parti/s 1, 5, 4;
    %and;
    %store/vec4 v0000027b37e94810_0, 0, 1;
    %jmp T_0.8;
T_0.6 ;
    %load/vec4 v0000027b37e72fe0_0;
    %load/vec4 v0000027b37e73200_0;
    %parti/s 1, 6, 4;
    %and;
    %store/vec4 v0000027b37e94810_0, 0, 1;
    %jmp T_0.8;
T_0.7 ;
    %load/vec4 v0000027b37e72fe0_0;
    %load/vec4 v0000027b37e73200_0;
    %parti/s 1, 7, 4;
    %and;
    %store/vec4 v0000027b37e94810_0, 0, 1;
    %jmp T_0.8;
T_0.8 ;
    %pop/vec4 1;
    %jmp T_0;
    .thread T_0, $push;
    .scope S_0000027b37e94b00;
T_1 ;
    %vpi_call 2 27 "$dumpfile", "mux.vcd" {0 0 0};
    %vpi_call 2 28 "$dumpvars" {0 0 0};
    %pushi/vec4 0, 0, 3;
    %store/vec4 v0000027b37bfd690_0, 0, 3;
    %pushi/vec4 1, 0, 1;
    %store/vec4 v0000027b37bfd550_0, 0, 1;
    %pushi/vec4 1, 0, 8;
    %store/vec4 v0000027b37bfd5f0_0, 0, 8;
    %delay 5, 0;
    %vpi_call 2 33 "$display", "S=%d, E=%d, I=%d, Out=%d", v0000027b37bfd690_0, v0000027b37bfd550_0, v0000027b37bfd5f0_0, v0000027b37bfd730_0 {0 0 0};
    %pushi/vec4 1, 0, 3;
    %store/vec4 v0000027b37bfd690_0, 0, 3;
    %pushi/vec4 1, 0, 1;
    %store/vec4 v0000027b37bfd550_0, 0, 1;
    %pushi/vec4 2, 0, 8;
    %store/vec4 v0000027b37bfd5f0_0, 0, 8;
    %delay 5, 0;
    %vpi_call 2 38 "$display", "S=%d, E=%d, I=%d, Out=%d", v0000027b37bfd690_0, v0000027b37bfd550_0, v0000027b37bfd5f0_0, v0000027b37bfd730_0 {0 0 0};
    %pushi/vec4 2, 0, 3;
    %store/vec4 v0000027b37bfd690_0, 0, 3;
    %pushi/vec4 1, 0, 1;
    %store/vec4 v0000027b37bfd550_0, 0, 1;
    %pushi/vec4 4, 0, 8;
    %store/vec4 v0000027b37bfd5f0_0, 0, 8;
    %delay 5, 0;
    %vpi_call 2 43 "$display", "S=%d, E=%d, I=%d, Out=%d", v0000027b37bfd690_0, v0000027b37bfd550_0, v0000027b37bfd5f0_0, v0000027b37bfd730_0 {0 0 0};
    %pushi/vec4 3, 0, 3;
    %store/vec4 v0000027b37bfd690_0, 0, 3;
    %pushi/vec4 1, 0, 1;
    %store/vec4 v0000027b37bfd550_0, 0, 1;
    %pushi/vec4 8, 0, 8;
    %store/vec4 v0000027b37bfd5f0_0, 0, 8;
    %delay 5, 0;
    %vpi_call 2 48 "$display", "S=%d, E=%d, I=%d, Out=%d", v0000027b37bfd690_0, v0000027b37bfd550_0, v0000027b37bfd5f0_0, v0000027b37bfd730_0 {0 0 0};
    %pushi/vec4 4, 0, 3;
    %store/vec4 v0000027b37bfd690_0, 0, 3;
    %pushi/vec4 1, 0, 1;
    %store/vec4 v0000027b37bfd550_0, 0, 1;
    %pushi/vec4 16, 0, 8;
    %store/vec4 v0000027b37bfd5f0_0, 0, 8;
    %delay 5, 0;
    %vpi_call 2 53 "$display", "S=%d, E=%d, I=%d, Out=%d", v0000027b37bfd690_0, v0000027b37bfd550_0, v0000027b37bfd5f0_0, v0000027b37bfd730_0 {0 0 0};
    %pushi/vec4 5, 0, 3;
    %store/vec4 v0000027b37bfd690_0, 0, 3;
    %pushi/vec4 1, 0, 1;
    %store/vec4 v0000027b37bfd550_0, 0, 1;
    %pushi/vec4 32, 0, 8;
    %store/vec4 v0000027b37bfd5f0_0, 0, 8;
    %delay 5, 0;
    %vpi_call 2 58 "$display", "S=%d, E=%d, I=%d, Out=%d", v0000027b37bfd690_0, v0000027b37bfd550_0, v0000027b37bfd5f0_0, v0000027b37bfd730_0 {0 0 0};
    %pushi/vec4 6, 0, 3;
    %store/vec4 v0000027b37bfd690_0, 0, 3;
    %pushi/vec4 1, 0, 1;
    %store/vec4 v0000027b37bfd550_0, 0, 1;
    %pushi/vec4 64, 0, 8;
    %store/vec4 v0000027b37bfd5f0_0, 0, 8;
    %delay 5, 0;
    %vpi_call 2 63 "$display", "S=%d, E=%d, I=%d, Out=%d", v0000027b37bfd690_0, v0000027b37bfd550_0, v0000027b37bfd5f0_0, v0000027b37bfd730_0 {0 0 0};
    %pushi/vec4 7, 0, 3;
    %store/vec4 v0000027b37bfd690_0, 0, 3;
    %pushi/vec4 1, 0, 1;
    %store/vec4 v0000027b37bfd550_0, 0, 1;
    %pushi/vec4 128, 0, 8;
    %store/vec4 v0000027b37bfd5f0_0, 0, 8;
    %delay 5, 0;
    %vpi_call 2 68 "$display", "S=%d, E=%d, I=%d, Out=%d", v0000027b37bfd690_0, v0000027b37bfd550_0, v0000027b37bfd5f0_0, v0000027b37bfd730_0 {0 0 0};
    %pushi/vec4 6, 0, 3;
    %store/vec4 v0000027b37bfd690_0, 0, 3;
    %pushi/vec4 0, 0, 1;
    %store/vec4 v0000027b37bfd550_0, 0, 1;
    %pushi/vec4 64, 0, 8;
    %store/vec4 v0000027b37bfd5f0_0, 0, 8;
    %delay 5, 0;
    %vpi_call 2 74 "$display", "S=%d, E=%d, I=%d, Out=%d", v0000027b37bfd690_0, v0000027b37bfd550_0, v0000027b37bfd5f0_0, v0000027b37bfd730_0 {0 0 0};
    %pushi/vec4 7, 0, 3;
    %store/vec4 v0000027b37bfd690_0, 0, 3;
    %pushi/vec4 0, 0, 1;
    %store/vec4 v0000027b37bfd550_0, 0, 1;
    %pushi/vec4 128, 0, 8;
    %store/vec4 v0000027b37bfd5f0_0, 0, 8;
    %delay 5, 0;
    %vpi_call 2 79 "$display", "S=%d, E=%d, I=%d, Out=%d", v0000027b37bfd690_0, v0000027b37bfd550_0, v0000027b37bfd5f0_0, v0000027b37bfd730_0 {0 0 0};
    %vpi_call 2 80 "$finish" {0 0 0};
    %end;
    .thread T_1;
# The file index is used to find the file name in the following table.
:file_names 3;
    "N/A";
    "<interactive>";
    "8to1MUX.v";
