#! /c/Source/iverilog-install/bin/vvp
:ivl_version "12.0 (devel)" "(s20150603-1539-g2693dd32b)";
:ivl_delay_selection "TYPICAL";
:vpi_time_precision + 0;
:vpi_module "C:\iverilog\lib\ivl\system.vpi";
:vpi_module "C:\iverilog\lib\ivl\vhdl_sys.vpi";
:vpi_module "C:\iverilog\lib\ivl\vhdl_textio.vpi";
:vpi_module "C:\iverilog\lib\ivl\v2005_math.vpi";
:vpi_module "C:\iverilog\lib\ivl\va_math.vpi";
S_0000020e1141fe20 .scope module, "CLA_TestBench" "CLA_TestBench" 2 13;
 .timescale 0 0;
v0000020e1147a9f0_0 .var "CarryIN", 0 0;
v0000020e1147a4f0_0 .net "CarryOUT", 0 0, L_0000020e11481a50;  1 drivers
v0000020e1147a6d0_0 .net "SUM", 3 0, L_0000020e1147b7b0;  1 drivers
v0000020e1147aa90_0 .var "input_A", 3 0;
v0000020e1147ab30_0 .var "input_B", 3 0;
S_0000020e11409de0 .scope module, "uut" "CLA" 2 18, 2 1 0, S_0000020e1141fe20;
 .timescale 0 0;
    .port_info 0 /INPUT 4 "inp_a";
    .port_info 1 /INPUT 4 "inp_b";
    .port_info 2 /INPUT 1 "CarryIN";
    .port_info 3 /OUTPUT 4 "SUM";
    .port_info 4 /OUTPUT 1 "CarryOUT";
L_0000020e11402d30 .functor XOR 1, L_0000020e1147a950, L_0000020e1147adb0, C4<0>, C4<0>;
L_0000020e11403350 .functor XOR 1, L_0000020e11402d30, v0000020e1147a9f0_0, C4<0>, C4<0>;
L_0000020e11402e10 .functor AND 1, L_0000020e1147b350, L_0000020e1147a770, C4<1>, C4<1>;
L_0000020e11402f60 .functor XOR 1, L_0000020e1147ae50, L_0000020e1147b990, C4<0>, C4<0>;
L_0000020e11403120 .functor AND 1, L_0000020e11402f60, v0000020e1147a9f0_0, C4<1>, C4<1>;
L_0000020e11403190 .functor OR 1, L_0000020e11402e10, L_0000020e11403120, C4<0>, C4<0>;
L_0000020e11403270 .functor XOR 1, L_0000020e1147aef0, L_0000020e1147bfd0, C4<0>, C4<0>;
L_0000020e114033c0 .functor XOR 1, L_0000020e11403270, L_0000020e11403190, C4<0>, C4<0>;
L_0000020e114032e0 .functor AND 1, L_0000020e1147b5d0, L_0000020e1147bd50, C4<1>, C4<1>;
L_0000020e1147c290 .functor XOR 1, L_0000020e1147abd0, L_0000020e1147ac70, C4<0>, C4<0>;
L_0000020e1147c300 .functor AND 1, L_0000020e1147a810, L_0000020e1147a8b0, C4<1>, C4<1>;
L_0000020e1147cc30 .functor XOR 1, L_0000020e1147b530, L_0000020e1147b2b0, C4<0>, C4<0>;
L_0000020e1147c610 .functor AND 1, L_0000020e1147cc30, v0000020e1147a9f0_0, C4<1>, C4<1>;
L_0000020e1147c220 .functor OR 1, L_0000020e1147c300, L_0000020e1147c610, C4<0>, C4<0>;
L_0000020e1147c920 .functor AND 1, L_0000020e1147c290, L_0000020e1147c220, C4<1>, C4<1>;
L_0000020e1147c6f0 .functor OR 1, L_0000020e114032e0, L_0000020e1147c920, C4<0>, C4<0>;
L_0000020e1147c370 .functor XOR 1, L_0000020e1147b670, L_0000020e1147bf30, C4<0>, C4<0>;
L_0000020e1147cf40 .functor XOR 1, L_0000020e1147c370, L_0000020e1147c6f0, C4<0>, C4<0>;
L_0000020e1147c3e0 .functor AND 1, L_0000020e1147ad10, L_0000020e1147b3f0, C4<1>, C4<1>;
L_0000020e1147cca0 .functor XOR 1, L_0000020e1147af90, L_0000020e1147b170, C4<0>, C4<0>;
L_0000020e1147c450 .functor AND 1, L_0000020e1147b710, L_0000020e1147bad0, C4<1>, C4<1>;
L_0000020e1147ca00 .functor XOR 1, L_0000020e1147b030, L_0000020e1147b0d0, C4<0>, C4<0>;
L_0000020e1147cd10 .functor AND 1, L_0000020e1147bdf0, L_0000020e1147a310, C4<1>, C4<1>;
L_0000020e1147c4c0 .functor XOR 1, L_0000020e1147be90, L_0000020e1147a130, C4<0>, C4<0>;
L_0000020e1147c530 .functor AND 1, L_0000020e1147c4c0, v0000020e1147a9f0_0, C4<1>, C4<1>;
L_0000020e1147cbc0 .functor OR 1, L_0000020e1147cd10, L_0000020e1147c530, C4<0>, C4<0>;
L_0000020e1147ca70 .functor AND 1, L_0000020e1147ca00, L_0000020e1147cbc0, C4<1>, C4<1>;
L_0000020e1147cd80 .functor OR 1, L_0000020e1147c450, L_0000020e1147ca70, C4<0>, C4<0>;
L_0000020e1147c680 .functor AND 1, L_0000020e1147cca0, L_0000020e1147cd80, C4<1>, C4<1>;
L_0000020e1147c760 .functor OR 1, L_0000020e1147c3e0, L_0000020e1147c680, C4<0>, C4<0>;
L_0000020e1147c7d0 .functor XOR 1, L_0000020e1147b8f0, L_0000020e1147a1d0, C4<0>, C4<0>;
L_0000020e1147c990 .functor XOR 1, L_0000020e1147c7d0, L_0000020e1147c760, C4<0>, C4<0>;
L_0000020e1147cae0 .functor AND 1, L_0000020e1147a270, L_0000020e1147b490, C4<1>, C4<1>;
L_0000020e1147cdf0 .functor XOR 1, L_0000020e1147b850, L_0000020e1147bb70, C4<0>, C4<0>;
L_0000020e1147c840 .functor AND 1, L_0000020e1147bcb0, L_0000020e1147a3b0, C4<1>, C4<1>;
L_0000020e1147ce60 .functor XOR 1, L_0000020e1147ead0, L_0000020e1147fbb0, C4<0>, C4<0>;
L_0000020e1147cb50 .functor AND 1, L_0000020e1147ecb0, L_0000020e11480010, C4<1>, C4<1>;
L_0000020e1147c8b0 .functor XOR 1, L_0000020e1147ee90, L_0000020e1147fc50, C4<0>, C4<0>;
L_0000020e1147d020 .functor AND 1, L_0000020e11480150, L_0000020e1147f250, C4<1>, C4<1>;
L_0000020e1147c5a0 .functor XOR 1, L_0000020e1147f750, L_0000020e1147f7f0, C4<0>, C4<0>;
L_0000020e1147ced0 .functor AND 1, L_0000020e1147c5a0, v0000020e1147a9f0_0, C4<1>, C4<1>;
L_0000020e1147cfb0 .functor OR 1, L_0000020e1147d020, L_0000020e1147ced0, C4<0>, C4<0>;
L_0000020e1147c140 .functor AND 1, L_0000020e1147c8b0, L_0000020e1147cfb0, C4<1>, C4<1>;
L_0000020e1147c1b0 .functor OR 1, L_0000020e1147cb50, L_0000020e1147c140, C4<0>, C4<0>;
L_0000020e114823f0 .functor AND 1, L_0000020e1147ce60, L_0000020e1147c1b0, C4<1>, C4<1>;
L_0000020e114819e0 .functor OR 1, L_0000020e1147c840, L_0000020e114823f0, C4<0>, C4<0>;
L_0000020e11481f20 .functor AND 1, L_0000020e1147cdf0, L_0000020e114819e0, C4<1>, C4<1>;
L_0000020e11481a50 .functor OR 1, L_0000020e1147cae0, L_0000020e11481f20, C4<0>, C4<0>;
v0000020e1141aba0_0 .net "CarryIN", 0 0, v0000020e1147a9f0_0;  1 drivers
v0000020e11419980_0 .net "CarryOUT", 0 0, L_0000020e11481a50;  alias, 1 drivers
v0000020e1141a560_0 .net "SUM", 3 0, L_0000020e1147b7b0;  alias, 1 drivers
v0000020e1141b0a0_0 .net *"_ivl_100", 0 0, L_0000020e1147ca00;  1 drivers
v0000020e11419fc0_0 .net *"_ivl_103", 0 0, L_0000020e1147bdf0;  1 drivers
v0000020e1141a880_0 .net *"_ivl_105", 0 0, L_0000020e1147a310;  1 drivers
v0000020e11419e80_0 .net *"_ivl_106", 0 0, L_0000020e1147cd10;  1 drivers
v0000020e1141aa60_0 .net *"_ivl_109", 0 0, L_0000020e1147be90;  1 drivers
v0000020e1141b1e0_0 .net *"_ivl_11", 0 0, L_0000020e1147b350;  1 drivers
v0000020e1141a420_0 .net *"_ivl_111", 0 0, L_0000020e1147a130;  1 drivers
v0000020e1141ab00_0 .net *"_ivl_112", 0 0, L_0000020e1147c4c0;  1 drivers
v0000020e1141ac40_0 .net *"_ivl_114", 0 0, L_0000020e1147c530;  1 drivers
v0000020e1141b320_0 .net *"_ivl_116", 0 0, L_0000020e1147cbc0;  1 drivers
v0000020e11419de0_0 .net *"_ivl_118", 0 0, L_0000020e1147ca70;  1 drivers
v0000020e1141a600_0 .net *"_ivl_120", 0 0, L_0000020e1147cd80;  1 drivers
v0000020e1141ae20_0 .net *"_ivl_122", 0 0, L_0000020e1147c680;  1 drivers
v0000020e1141ace0_0 .net *"_ivl_13", 0 0, L_0000020e1147a770;  1 drivers
v0000020e1141a4c0_0 .net *"_ivl_130", 0 0, L_0000020e1147b8f0;  1 drivers
v0000020e1141a2e0_0 .net *"_ivl_132", 0 0, L_0000020e1147a1d0;  1 drivers
v0000020e11419480_0 .net *"_ivl_133", 0 0, L_0000020e1147c7d0;  1 drivers
v0000020e1141af60_0 .net *"_ivl_135", 0 0, L_0000020e1147c990;  1 drivers
v0000020e1141a740_0 .net *"_ivl_138", 0 0, L_0000020e1147a270;  1 drivers
v0000020e11419ca0_0 .net *"_ivl_14", 0 0, L_0000020e11402e10;  1 drivers
v0000020e11419a20_0 .net *"_ivl_140", 0 0, L_0000020e1147b490;  1 drivers
v0000020e11419f20_0 .net *"_ivl_141", 0 0, L_0000020e1147cae0;  1 drivers
v0000020e11419840_0 .net *"_ivl_144", 0 0, L_0000020e1147b850;  1 drivers
v0000020e11419ac0_0 .net *"_ivl_146", 0 0, L_0000020e1147bb70;  1 drivers
v0000020e11419700_0 .net *"_ivl_147", 0 0, L_0000020e1147cdf0;  1 drivers
v0000020e11419520_0 .net *"_ivl_150", 0 0, L_0000020e1147bcb0;  1 drivers
v0000020e1141a920_0 .net *"_ivl_152", 0 0, L_0000020e1147a3b0;  1 drivers
v0000020e1141a9c0_0 .net *"_ivl_153", 0 0, L_0000020e1147c840;  1 drivers
v0000020e1141a380_0 .net *"_ivl_156", 0 0, L_0000020e1147ead0;  1 drivers
v0000020e1141ad80_0 .net *"_ivl_158", 0 0, L_0000020e1147fbb0;  1 drivers
v0000020e11419d40_0 .net *"_ivl_159", 0 0, L_0000020e1147ce60;  1 drivers
v0000020e1141a1a0_0 .net *"_ivl_162", 0 0, L_0000020e1147ecb0;  1 drivers
v0000020e1141a7e0_0 .net *"_ivl_164", 0 0, L_0000020e11480010;  1 drivers
v0000020e1141b000_0 .net *"_ivl_165", 0 0, L_0000020e1147cb50;  1 drivers
v0000020e1141b140_0 .net *"_ivl_168", 0 0, L_0000020e1147ee90;  1 drivers
v0000020e114195c0_0 .net *"_ivl_17", 0 0, L_0000020e1147ae50;  1 drivers
v0000020e1141a060_0 .net *"_ivl_170", 0 0, L_0000020e1147fc50;  1 drivers
v0000020e114198e0_0 .net *"_ivl_171", 0 0, L_0000020e1147c8b0;  1 drivers
v0000020e1141a100_0 .net *"_ivl_174", 0 0, L_0000020e11480150;  1 drivers
v0000020e11419660_0 .net *"_ivl_176", 0 0, L_0000020e1147f250;  1 drivers
v0000020e114197a0_0 .net *"_ivl_177", 0 0, L_0000020e1147d020;  1 drivers
v0000020e11478300_0 .net *"_ivl_180", 0 0, L_0000020e1147f750;  1 drivers
v0000020e11477a40_0 .net *"_ivl_182", 0 0, L_0000020e1147f7f0;  1 drivers
v0000020e11478a80_0 .net *"_ivl_183", 0 0, L_0000020e1147c5a0;  1 drivers
v0000020e114788a0_0 .net *"_ivl_185", 0 0, L_0000020e1147ced0;  1 drivers
v0000020e114790c0_0 .net *"_ivl_187", 0 0, L_0000020e1147cfb0;  1 drivers
v0000020e114797a0_0 .net *"_ivl_189", 0 0, L_0000020e1147c140;  1 drivers
v0000020e11477d60_0 .net *"_ivl_19", 0 0, L_0000020e1147b990;  1 drivers
v0000020e114779a0_0 .net *"_ivl_191", 0 0, L_0000020e1147c1b0;  1 drivers
v0000020e11477ae0_0 .net *"_ivl_193", 0 0, L_0000020e114823f0;  1 drivers
v0000020e11478ee0_0 .net *"_ivl_195", 0 0, L_0000020e114819e0;  1 drivers
v0000020e11478da0_0 .net *"_ivl_197", 0 0, L_0000020e11481f20;  1 drivers
v0000020e11479520_0 .net *"_ivl_20", 0 0, L_0000020e11402f60;  1 drivers
v0000020e11478e40_0 .net *"_ivl_22", 0 0, L_0000020e11403120;  1 drivers
v0000020e114792a0_0 .net *"_ivl_29", 0 0, L_0000020e1147aef0;  1 drivers
v0000020e114783a0_0 .net *"_ivl_3", 0 0, L_0000020e1147a950;  1 drivers
v0000020e11478120_0 .net *"_ivl_31", 0 0, L_0000020e1147bfd0;  1 drivers
v0000020e114793e0_0 .net *"_ivl_32", 0 0, L_0000020e11403270;  1 drivers
v0000020e114795c0_0 .net *"_ivl_34", 0 0, L_0000020e114033c0;  1 drivers
v0000020e11478f80_0 .net *"_ivl_37", 0 0, L_0000020e1147b5d0;  1 drivers
v0000020e11479020_0 .net *"_ivl_39", 0 0, L_0000020e1147bd50;  1 drivers
v0000020e11477c20_0 .net *"_ivl_40", 0 0, L_0000020e114032e0;  1 drivers
v0000020e11478620_0 .net *"_ivl_43", 0 0, L_0000020e1147abd0;  1 drivers
v0000020e11478d00_0 .net *"_ivl_45", 0 0, L_0000020e1147ac70;  1 drivers
v0000020e11478080_0 .net *"_ivl_46", 0 0, L_0000020e1147c290;  1 drivers
v0000020e11479660_0 .net *"_ivl_49", 0 0, L_0000020e1147a810;  1 drivers
v0000020e114781c0_0 .net *"_ivl_5", 0 0, L_0000020e1147adb0;  1 drivers
v0000020e11478bc0_0 .net *"_ivl_51", 0 0, L_0000020e1147a8b0;  1 drivers
v0000020e11478c60_0 .net *"_ivl_52", 0 0, L_0000020e1147c300;  1 drivers
v0000020e11478760_0 .net *"_ivl_55", 0 0, L_0000020e1147b530;  1 drivers
v0000020e11478940_0 .net *"_ivl_57", 0 0, L_0000020e1147b2b0;  1 drivers
v0000020e11478b20_0 .net *"_ivl_58", 0 0, L_0000020e1147cc30;  1 drivers
v0000020e11479160_0 .net *"_ivl_6", 0 0, L_0000020e11402d30;  1 drivers
v0000020e11479200_0 .net *"_ivl_60", 0 0, L_0000020e1147c610;  1 drivers
v0000020e11479340_0 .net *"_ivl_62", 0 0, L_0000020e1147c220;  1 drivers
v0000020e11477cc0_0 .net *"_ivl_64", 0 0, L_0000020e1147c920;  1 drivers
v0000020e11479480_0 .net *"_ivl_71", 0 0, L_0000020e1147b670;  1 drivers
v0000020e11477ea0_0 .net *"_ivl_73", 0 0, L_0000020e1147bf30;  1 drivers
v0000020e11477e00_0 .net *"_ivl_74", 0 0, L_0000020e1147c370;  1 drivers
v0000020e114789e0_0 .net *"_ivl_76", 0 0, L_0000020e1147cf40;  1 drivers
v0000020e11479700_0 .net *"_ivl_79", 0 0, L_0000020e1147ad10;  1 drivers
v0000020e11478260_0 .net *"_ivl_8", 0 0, L_0000020e11403350;  1 drivers
v0000020e11477900_0 .net *"_ivl_81", 0 0, L_0000020e1147b3f0;  1 drivers
v0000020e11478800_0 .net *"_ivl_82", 0 0, L_0000020e1147c3e0;  1 drivers
v0000020e11478580_0 .net *"_ivl_85", 0 0, L_0000020e1147af90;  1 drivers
v0000020e11477b80_0 .net *"_ivl_87", 0 0, L_0000020e1147b170;  1 drivers
v0000020e11477f40_0 .net *"_ivl_88", 0 0, L_0000020e1147cca0;  1 drivers
v0000020e11477fe0_0 .net *"_ivl_91", 0 0, L_0000020e1147b710;  1 drivers
v0000020e11478440_0 .net *"_ivl_93", 0 0, L_0000020e1147bad0;  1 drivers
v0000020e114784e0_0 .net *"_ivl_94", 0 0, L_0000020e1147c450;  1 drivers
v0000020e114786c0_0 .net *"_ivl_97", 0 0, L_0000020e1147b030;  1 drivers
v0000020e1147a450_0 .net *"_ivl_99", 0 0, L_0000020e1147b0d0;  1 drivers
v0000020e1147bc10_0 .net "carry1", 0 0, L_0000020e11403190;  1 drivers
v0000020e1147a590_0 .net "carry2", 0 0, L_0000020e1147c6f0;  1 drivers
v0000020e1147a630_0 .net "carry3", 0 0, L_0000020e1147c760;  1 drivers
v0000020e1147ba30_0 .net "inp_a", 3 0, v0000020e1147aa90_0;  1 drivers
v0000020e1147b210_0 .net "inp_b", 3 0, v0000020e1147ab30_0;  1 drivers
L_0000020e1147a950 .part v0000020e1147aa90_0, 0, 1;
L_0000020e1147adb0 .part v0000020e1147ab30_0, 0, 1;
L_0000020e1147b350 .part v0000020e1147aa90_0, 0, 1;
L_0000020e1147a770 .part v0000020e1147ab30_0, 0, 1;
L_0000020e1147ae50 .part v0000020e1147aa90_0, 0, 1;
L_0000020e1147b990 .part v0000020e1147ab30_0, 0, 1;
L_0000020e1147aef0 .part v0000020e1147aa90_0, 1, 1;
L_0000020e1147bfd0 .part v0000020e1147ab30_0, 1, 1;
L_0000020e1147b5d0 .part v0000020e1147aa90_0, 1, 1;
L_0000020e1147bd50 .part v0000020e1147ab30_0, 1, 1;
L_0000020e1147abd0 .part v0000020e1147aa90_0, 1, 1;
L_0000020e1147ac70 .part v0000020e1147ab30_0, 1, 1;
L_0000020e1147a810 .part v0000020e1147aa90_0, 0, 1;
L_0000020e1147a8b0 .part v0000020e1147ab30_0, 0, 1;
L_0000020e1147b530 .part v0000020e1147aa90_0, 0, 1;
L_0000020e1147b2b0 .part v0000020e1147ab30_0, 0, 1;
L_0000020e1147b670 .part v0000020e1147aa90_0, 2, 1;
L_0000020e1147bf30 .part v0000020e1147ab30_0, 2, 1;
L_0000020e1147ad10 .part v0000020e1147aa90_0, 2, 1;
L_0000020e1147b3f0 .part v0000020e1147ab30_0, 2, 1;
L_0000020e1147af90 .part v0000020e1147aa90_0, 2, 1;
L_0000020e1147b170 .part v0000020e1147ab30_0, 2, 1;
L_0000020e1147b710 .part v0000020e1147aa90_0, 1, 1;
L_0000020e1147bad0 .part v0000020e1147ab30_0, 1, 1;
L_0000020e1147b030 .part v0000020e1147aa90_0, 1, 1;
L_0000020e1147b0d0 .part v0000020e1147ab30_0, 1, 1;
L_0000020e1147bdf0 .part v0000020e1147aa90_0, 0, 1;
L_0000020e1147a310 .part v0000020e1147ab30_0, 0, 1;
L_0000020e1147be90 .part v0000020e1147aa90_0, 0, 1;
L_0000020e1147a130 .part v0000020e1147ab30_0, 0, 1;
L_0000020e1147b7b0 .concat8 [ 1 1 1 1], L_0000020e11403350, L_0000020e114033c0, L_0000020e1147cf40, L_0000020e1147c990;
L_0000020e1147b8f0 .part v0000020e1147aa90_0, 3, 1;
L_0000020e1147a1d0 .part v0000020e1147ab30_0, 3, 1;
L_0000020e1147a270 .part v0000020e1147aa90_0, 3, 1;
L_0000020e1147b490 .part v0000020e1147ab30_0, 3, 1;
L_0000020e1147b850 .part v0000020e1147aa90_0, 3, 1;
L_0000020e1147bb70 .part v0000020e1147ab30_0, 3, 1;
L_0000020e1147bcb0 .part v0000020e1147aa90_0, 2, 1;
L_0000020e1147a3b0 .part v0000020e1147ab30_0, 2, 1;
L_0000020e1147ead0 .part v0000020e1147aa90_0, 2, 1;
L_0000020e1147fbb0 .part v0000020e1147ab30_0, 2, 1;
L_0000020e1147ecb0 .part v0000020e1147aa90_0, 1, 1;
L_0000020e11480010 .part v0000020e1147ab30_0, 1, 1;
L_0000020e1147ee90 .part v0000020e1147aa90_0, 1, 1;
L_0000020e1147fc50 .part v0000020e1147ab30_0, 1, 1;
L_0000020e11480150 .part v0000020e1147aa90_0, 0, 1;
L_0000020e1147f250 .part v0000020e1147ab30_0, 0, 1;
L_0000020e1147f750 .part v0000020e1147aa90_0, 0, 1;
L_0000020e1147f7f0 .part v0000020e1147ab30_0, 0, 1;
    .scope S_0000020e1141fe20;
T_0 ;
    %vpi_call 2 21 "$dumpfile", "CLA.vcd" {0 0 0};
    %vpi_call 2 22 "$dumpvars", 32'sb00000000000000000000000000000000, S_0000020e1141fe20 {0 0 0};
    %pushi/vec4 0, 0, 1;
    %store/vec4 v0000020e1147a9f0_0, 0, 1;
    %pushi/vec4 2, 0, 4;
    %store/vec4 v0000020e1147aa90_0, 0, 4;
    %pushi/vec4 3, 0, 4;
    %store/vec4 v0000020e1147ab30_0, 0, 4;
    %delay 10, 0;
    %vpi_call 2 26 "$display", "A = %b, B = %b, SUM = %b, CarryOUT = %b", v0000020e1147aa90_0, v0000020e1147ab30_0, v0000020e1147a6d0_0, v0000020e1147a4f0_0 {0 0 0};
    %pushi/vec4 6, 0, 4;
    %store/vec4 v0000020e1147aa90_0, 0, 4;
    %pushi/vec4 12, 0, 4;
    %store/vec4 v0000020e1147ab30_0, 0, 4;
    %delay 10, 0;
    %vpi_call 2 28 "$display", "A = %b, B = %b, SUM = %b, CarryOUT = %b", v0000020e1147aa90_0, v0000020e1147ab30_0, v0000020e1147a6d0_0, v0000020e1147a4f0_0 {0 0 0};
    %pushi/vec4 7, 0, 4;
    %store/vec4 v0000020e1147aa90_0, 0, 4;
    %pushi/vec4 15, 0, 4;
    %store/vec4 v0000020e1147ab30_0, 0, 4;
    %delay 10, 0;
    %vpi_call 2 30 "$display", "A = %b, B = %b, SUM = %b, CarryOUT = %b", v0000020e1147aa90_0, v0000020e1147ab30_0, v0000020e1147a6d0_0, v0000020e1147a4f0_0 {0 0 0};
    %pushi/vec4 11, 0, 4;
    %store/vec4 v0000020e1147aa90_0, 0, 4;
    %pushi/vec4 15, 0, 4;
    %store/vec4 v0000020e1147ab30_0, 0, 4;
    %delay 10, 0;
    %vpi_call 2 32 "$display", "A = %b, B = %b, SUM = %b, CarryOUT = %b", v0000020e1147aa90_0, v0000020e1147ab30_0, v0000020e1147a6d0_0, v0000020e1147a4f0_0 {0 0 0};
    %vpi_call 2 33 "$finish" {0 0 0};
    %end;
    .thread T_0;
# The file index is used to find the file name in the following table.
:file_names 3;
    "N/A";
    "<interactive>";
    "CLA.v";
