#! /c/Source/iverilog-install/bin/vvp
:ivl_version "12.0 (devel)" "(s20150603-1539-g2693dd32b)";
:ivl_delay_selection "TYPICAL";
:vpi_time_precision + 0;
:vpi_module "C:\iverilog\lib\ivl\system.vpi";
:vpi_module "C:\iverilog\lib\ivl\vhdl_sys.vpi";
:vpi_module "C:\iverilog\lib\ivl\vhdl_textio.vpi";
:vpi_module "C:\iverilog\lib\ivl\v2005_math.vpi";
:vpi_module "C:\iverilog\lib\ivl\va_math.vpi";
S_000001bf557a71e0 .scope module, "mooreFSM_SeqDetector_testbench" "mooreFSM_SeqDetector_testbench" 2 53;
 .timescale 0 0;
v000001bf557a7830_0 .var "clk", 0 0;
v000001bf557a78d0_0 .var "in", 0 0;
v000001bf557a7970_0 .net "out", 0 0, v000001bf557a7790_0;  1 drivers
v000001bf557a7a10_0 .var "reset", 0 0;
S_000001bf557b7f70 .scope module, "M" "mooreFSM_SeqDetector" 2 56, 2 1 0, S_000001bf557a71e0;
 .timescale 0 0;
    .port_info 0 /INPUT 1 "CLK";
    .port_info 1 /INPUT 1 "RST";
    .port_info 2 /INPUT 1 "in";
    .port_info 3 /OUTPUT 1 "out";
P_000001bf557b8100 .param/l "S_1" 1 2 3, +C4<00000000000000000000000000000001>;
P_000001bf557b8138 .param/l "S_11" 1 2 4, +C4<00000000000000000000000000000010>;
P_000001bf557b8170 .param/l "S_110" 1 2 5, +C4<00000000000000000000000000000011>;
P_000001bf557b81a8 .param/l "S_1101" 1 2 6, +C4<00000000000000000000000000000100>;
P_000001bf557b81e0 .param/l "S_Start" 1 2 2, +C4<00000000000000000000000000000000>;
v000001bf55782e90_0 .net "CLK", 0 0, v000001bf557a7830_0;  1 drivers
v000001bf55782c30_0 .var "CurrentState", 2 0;
v000001bf557b8220_0 .var "NextState", 2 0;
v000001bf557b82c0_0 .net "RST", 0 0, v000001bf557a7a10_0;  1 drivers
v000001bf557a76f0_0 .net "in", 0 0, v000001bf557a78d0_0;  1 drivers
v000001bf557a7790_0 .var "out", 0 0;
E_000001bf5576b770 .event anyedge, v000001bf55782c30_0;
E_000001bf5576b2f0 .event anyedge, v000001bf55782c30_0, v000001bf557a76f0_0;
E_000001bf5576b270 .event posedge, v000001bf55782e90_0;
    .scope S_000001bf557b7f70;
T_0 ;
    %wait E_000001bf5576b270;
    %load/vec4 v000001bf557b82c0_0;
    %flag_set/vec4 8;
    %jmp/0xz  T_0.0, 8;
    %pushi/vec4 0, 0, 3;
    %assign/vec4 v000001bf55782c30_0, 0;
    %jmp T_0.1;
T_0.0 ;
    %load/vec4 v000001bf557b8220_0;
    %assign/vec4 v000001bf55782c30_0, 0;
T_0.1 ;
    %jmp T_0;
    .thread T_0;
    .scope S_000001bf557b7f70;
T_1 ;
    %wait E_000001bf5576b2f0;
    %load/vec4 v000001bf55782c30_0;
    %dup/vec4;
    %pushi/vec4 0, 0, 3;
    %cmp/u;
    %jmp/1 T_1.0, 6;
    %dup/vec4;
    %pushi/vec4 1, 0, 3;
    %cmp/u;
    %jmp/1 T_1.1, 6;
    %dup/vec4;
    %pushi/vec4 2, 0, 3;
    %cmp/u;
    %jmp/1 T_1.2, 6;
    %dup/vec4;
    %pushi/vec4 3, 0, 3;
    %cmp/u;
    %jmp/1 T_1.3, 6;
    %dup/vec4;
    %pushi/vec4 4, 0, 3;
    %cmp/u;
    %jmp/1 T_1.4, 6;
    %jmp T_1.5;
T_1.0 ;
    %load/vec4 v000001bf557a76f0_0;
    %flag_set/vec4 8;
    %jmp/0xz  T_1.6, 8;
    %pushi/vec4 1, 0, 3;
    %assign/vec4 v000001bf557b8220_0, 0;
    %jmp T_1.7;
T_1.6 ;
    %pushi/vec4 0, 0, 3;
    %assign/vec4 v000001bf557b8220_0, 0;
T_1.7 ;
    %jmp T_1.5;
T_1.1 ;
    %load/vec4 v000001bf557a76f0_0;
    %flag_set/vec4 8;
    %jmp/0xz  T_1.8, 8;
    %pushi/vec4 2, 0, 3;
    %assign/vec4 v000001bf557b8220_0, 0;
    %jmp T_1.9;
T_1.8 ;
    %pushi/vec4 0, 0, 3;
    %assign/vec4 v000001bf557b8220_0, 0;
T_1.9 ;
    %jmp T_1.5;
T_1.2 ;
    %load/vec4 v000001bf557a76f0_0;
    %flag_set/vec4 8;
    %jmp/0xz  T_1.10, 8;
    %pushi/vec4 2, 0, 3;
    %assign/vec4 v000001bf557b8220_0, 0;
    %jmp T_1.11;
T_1.10 ;
    %pushi/vec4 3, 0, 3;
    %assign/vec4 v000001bf557b8220_0, 0;
T_1.11 ;
    %jmp T_1.5;
T_1.3 ;
    %load/vec4 v000001bf557a76f0_0;
    %flag_set/vec4 8;
    %jmp/0xz  T_1.12, 8;
    %pushi/vec4 4, 0, 3;
    %assign/vec4 v000001bf557b8220_0, 0;
    %jmp T_1.13;
T_1.12 ;
    %pushi/vec4 0, 0, 3;
    %assign/vec4 v000001bf557b8220_0, 0;
T_1.13 ;
    %jmp T_1.5;
T_1.4 ;
    %load/vec4 v000001bf557a76f0_0;
    %flag_set/vec4 8;
    %jmp/0xz  T_1.14, 8;
    %pushi/vec4 1, 0, 3;
    %assign/vec4 v000001bf557b8220_0, 0;
    %jmp T_1.15;
T_1.14 ;
    %pushi/vec4 0, 0, 3;
    %assign/vec4 v000001bf557b8220_0, 0;
T_1.15 ;
    %jmp T_1.5;
T_1.5 ;
    %pop/vec4 1;
    %jmp T_1;
    .thread T_1, $push;
    .scope S_000001bf557b7f70;
T_2 ;
    %wait E_000001bf5576b770;
    %load/vec4 v000001bf55782c30_0;
    %pad/u 32;
    %cmpi/e 4, 0, 32;
    %jmp/0xz  T_2.0, 4;
    %pushi/vec4 1, 0, 1;
    %assign/vec4 v000001bf557a7790_0, 0;
    %jmp T_2.1;
T_2.0 ;
    %pushi/vec4 0, 0, 1;
    %assign/vec4 v000001bf557a7790_0, 0;
T_2.1 ;
    %jmp T_2;
    .thread T_2, $push;
    .scope S_000001bf557a71e0;
T_3 ;
    %delay 2, 0;
    %load/vec4 v000001bf557a7830_0;
    %inv;
    %store/vec4 v000001bf557a7830_0, 0, 1;
    %jmp T_3;
    .thread T_3;
    .scope S_000001bf557a71e0;
T_4 ;
    %vpi_call 2 60 "$dumpfile", "mooreFSM_SeqDetector.vcd" {0 0 0};
    %vpi_call 2 61 "$dumpvars" {0 0 0};
    %pushi/vec4 1, 0, 1;
    %store/vec4 v000001bf557a7a10_0, 0, 1;
    %pushi/vec4 0, 0, 1;
    %store/vec4 v000001bf557a7830_0, 0, 1;
    %delay 4, 0;
    %vpi_call 2 64 "$display", "CLK = %b, Reset = %b, in = %b, Out = %b", v000001bf557a7830_0, v000001bf557a7a10_0, v000001bf557a78d0_0, v000001bf557a7970_0 {0 0 0};
    %pushi/vec4 0, 0, 1;
    %store/vec4 v000001bf557a7a10_0, 0, 1;
    %pushi/vec4 1, 0, 1;
    %store/vec4 v000001bf557a78d0_0, 0, 1;
    %delay 4, 0;
    %vpi_call 2 67 "$display", "CLK = %b, Reset = %b, in = %b, Out = %b", v000001bf557a7830_0, v000001bf557a7a10_0, v000001bf557a78d0_0, v000001bf557a7970_0 {0 0 0};
    %pushi/vec4 1, 0, 1;
    %store/vec4 v000001bf557a78d0_0, 0, 1;
    %delay 4, 0;
    %vpi_call 2 69 "$display", "CLK = %b, Reset = %b, in = %b, Out = %b", v000001bf557a7830_0, v000001bf557a7a10_0, v000001bf557a78d0_0, v000001bf557a7970_0 {0 0 0};
    %pushi/vec4 0, 0, 1;
    %store/vec4 v000001bf557a78d0_0, 0, 1;
    %delay 4, 0;
    %vpi_call 2 71 "$display", "CLK = %b, Reset = %b, in = %b, Out = %b", v000001bf557a7830_0, v000001bf557a7a10_0, v000001bf557a78d0_0, v000001bf557a7970_0 {0 0 0};
    %pushi/vec4 1, 0, 1;
    %store/vec4 v000001bf557a78d0_0, 0, 1;
    %delay 4, 0;
    %vpi_call 2 73 "$display", "CLK = %b, Reset = %b, in = %b, Out = %b", v000001bf557a7830_0, v000001bf557a7a10_0, v000001bf557a78d0_0, v000001bf557a7970_0 {0 0 0};
    %pushi/vec4 0, 0, 1;
    %store/vec4 v000001bf557a78d0_0, 0, 1;
    %delay 4, 0;
    %vpi_call 2 75 "$display", "CLK = %b, Reset = %b, in = %b, Out = %b", v000001bf557a7830_0, v000001bf557a7a10_0, v000001bf557a78d0_0, v000001bf557a7970_0 {0 0 0};
    %pushi/vec4 1, 0, 1;
    %store/vec4 v000001bf557a78d0_0, 0, 1;
    %delay 4, 0;
    %vpi_call 2 77 "$display", "CLK = %b, Reset = %b, in = %b, Out = %b", v000001bf557a7830_0, v000001bf557a7a10_0, v000001bf557a78d0_0, v000001bf557a7970_0 {0 0 0};
    %pushi/vec4 1, 0, 1;
    %store/vec4 v000001bf557a78d0_0, 0, 1;
    %delay 4, 0;
    %vpi_call 2 79 "$display", "CLK = %b, Reset = %b, in = %b, Out = %b", v000001bf557a7830_0, v000001bf557a7a10_0, v000001bf557a78d0_0, v000001bf557a7970_0 {0 0 0};
    %pushi/vec4 1, 0, 1;
    %store/vec4 v000001bf557a78d0_0, 0, 1;
    %delay 4, 0;
    %vpi_call 2 81 "$display", "CLK = %b, Reset = %b, in = %b, Out = %b", v000001bf557a7830_0, v000001bf557a7a10_0, v000001bf557a78d0_0, v000001bf557a7970_0 {0 0 0};
    %pushi/vec4 0, 0, 1;
    %store/vec4 v000001bf557a78d0_0, 0, 1;
    %delay 4, 0;
    %vpi_call 2 83 "$display", "CLK = %b, Reset = %b, in = %b, Out = %b", v000001bf557a7830_0, v000001bf557a7a10_0, v000001bf557a78d0_0, v000001bf557a7970_0 {0 0 0};
    %pushi/vec4 1, 0, 1;
    %store/vec4 v000001bf557a78d0_0, 0, 1;
    %delay 4, 0;
    %vpi_call 2 85 "$display", "CLK = %b, Reset = %b, in = %b, Out = %b", v000001bf557a7830_0, v000001bf557a7a10_0, v000001bf557a78d0_0, v000001bf557a7970_0 {0 0 0};
    %vpi_call 2 86 "$finish" {0 0 0};
    %end;
    .thread T_4;
# The file index is used to find the file name in the following table.
:file_names 3;
    "N/A";
    "<interactive>";
    "Seq_Detector.v";
