#! /c/Source/iverilog-install/bin/vvp
:ivl_version "12.0 (devel)" "(s20150603-1539-g2693dd32b)";
:ivl_delay_selection "TYPICAL";
:vpi_time_precision + 0;
:vpi_module "C:\iverilog\lib\ivl\system.vpi";
:vpi_module "C:\iverilog\lib\ivl\vhdl_sys.vpi";
:vpi_module "C:\iverilog\lib\ivl\vhdl_textio.vpi";
:vpi_module "C:\iverilog\lib\ivl\v2005_math.vpi";
:vpi_module "C:\iverilog\lib\ivl\va_math.vpi";
S_0000014fedce1790 .scope module, "wallace_tree_multiplier_tb" "wallace_tree_multiplier_tb" 2 75;
 .timescale 0 0;
v0000014fedd49950_0 .var "A", 3 0;
v0000014fedd4a490_0 .var "B", 3 0;
v0000014fedd4a990_0 .net "out", 7 0, L_0000014fedd507c0;  1 drivers
S_0000014fedce1920 .scope module, "ans" "wallace_tree_multiplier" 2 80, 2 12 0, S_0000014fedce1790;
 .timescale 0 0;
    .port_info 0 /INPUT 4 "A";
    .port_info 1 /INPUT 4 "B";
    .port_info 2 /OUTPUT 8 "out";
v0000014fedd46fe0_0 .net "A", 3 0, v0000014fedd49950_0;  1 drivers
v0000014fedd48a20_0 .net "B", 3 0, v0000014fedd4a490_0;  1 drivers
v0000014fedd46e00_0 .net "I0", 7 0, L_0000014fedd516c0;  1 drivers
v0000014fedd471c0_0 .net "I1", 6 0, L_0000014fedd51300;  1 drivers
v0000014fedd48b60_0 .net "I2", 5 0, L_0000014fedd50900;  1 drivers
v0000014fedd47260_0 .net "I3", 4 0, L_0000014fedd50b80;  1 drivers
L_0000014fedd54098 .functor BUFT 1, C4<0000>, C4<0>, C4<0>, C4<0>;
v0000014fedd47580_0 .net/2u *"_ivl_67", 3 0, L_0000014fedd54098;  1 drivers
L_0000014fedd540e0 .functor BUFT 1, C4<000>, C4<0>, C4<0>, C4<0>;
v0000014fedd47760_0 .net/2u *"_ivl_72", 2 0, L_0000014fedd540e0;  1 drivers
L_0000014fedd54128 .functor BUFT 1, C4<00>, C4<0>, C4<0>, C4<0>;
v0000014fedd47620_0 .net/2u *"_ivl_77", 1 0, L_0000014fedd54128;  1 drivers
L_0000014fedd54170 .functor BUFT 1, C4<0>, C4<0>, C4<0>, C4<0>;
v0000014fedd476c0_0 .net/2u *"_ivl_82", 0 0, L_0000014fedd54170;  1 drivers
v0000014fedd47bc0_0 .net *"_ivl_87", 0 0, L_0000014fedd513a0;  1 drivers
v0000014fedd48200_0 .net "out", 7 0, L_0000014fedd507c0;  alias, 1 drivers
v0000014fedd46ea0_0 .net "w1", 0 0, L_0000014fedd4d3d0;  1 drivers
v0000014fedd48340_0 .net "w10", 0 0, L_0000014fedd4d440;  1 drivers
v0000014fedd483e0_0 .net "w11", 0 0, L_0000014fedd4dbb0;  1 drivers
v0000014fedd48480_0 .net "w12", 0 0, L_0000014fedd9c940;  1 drivers
v0000014fedd488e0_0 .net "w13", 0 0, L_0000014fedd9cc50;  1 drivers
v0000014fedd48840_0 .net "w14", 0 0, L_0000014fedd9ce10;  1 drivers
v0000014fedd4a530_0 .net "w15", 0 0, L_0000014fedd9c2b0;  1 drivers
v0000014fedd49c70_0 .net "w16", 0 0, L_0000014fedd9cef0;  1 drivers
v0000014fedd49d10_0 .net "w17", 0 0, L_0000014fedd9ccc0;  1 drivers
v0000014fedd4a850_0 .net "w18", 0 0, L_0000014fedd9cda0;  1 drivers
v0000014fedd4aa30_0 .net "w19", 0 0, L_0000014fedd9c630;  1 drivers
v0000014fedd4aad0_0 .net "w2", 0 0, L_0000014fedd4dd00;  1 drivers
v0000014fedd49b30_0 .net "w20", 0 0, L_0000014fedd9c6a0;  1 drivers
v0000014fedd48eb0_0 .net "w21", 0 0, L_0000014fedd9c7f0;  1 drivers
v0000014fedd4a350_0 .net "w22", 0 0, L_0000014fedd9fea0;  1 drivers
v0000014fedd49310_0 .net "w23", 0 0, L_0000014fedd9f960;  1 drivers
v0000014fedd496d0_0 .net "w24", 0 0, L_0000014fedd9f5e0;  1 drivers
v0000014fedd4a170_0 .net "w25", 0 0, L_0000014fedd9f180;  1 drivers
v0000014fedd491d0_0 .net "w26", 0 0, L_0000014fedd9f1f0;  1 drivers
v0000014fedd494f0_0 .net "w27", 0 0, L_0000014fedd9fe30;  1 drivers
v0000014fedd49ef0_0 .net "w28", 0 0, L_0000014fedd9f420;  1 drivers
v0000014fedd49450_0 .net "w29", 0 0, L_0000014fedd9fce0;  1 drivers
v0000014fedd4ab70_0 .net "w3", 0 0, L_0000014fedd4cfe0;  1 drivers
v0000014fedd4a710_0 .net "w30", 0 0, L_0000014fedd9fb90;  1 drivers
v0000014fedd4a3f0_0 .net "w4", 0 0, L_0000014fedd4d280;  1 drivers
v0000014fedd49bd0_0 .net "w5", 0 0, L_0000014fedd4cf00;  1 drivers
v0000014fedd493b0_0 .net "w6", 0 0, L_0000014fedd4d600;  1 drivers
v0000014fedd498b0_0 .net "w7", 0 0, L_0000014fedd4d050;  1 drivers
v0000014fedd499f0_0 .net "w8", 0 0, L_0000014fedd4da60;  1 drivers
L_0000014fedd49810 .part v0000014fedd49950_0, 0, 1;
L_0000014fedd49f90 .part v0000014fedd4a490_0, 0, 1;
L_0000014fedd4a670 .part v0000014fedd49950_0, 0, 1;
L_0000014fedd4a2b0 .part v0000014fedd4a490_0, 1, 1;
L_0000014fedd48e10 .part v0000014fedd49950_0, 0, 1;
L_0000014fedd49a90 .part v0000014fedd4a490_0, 2, 1;
L_0000014fedd48cd0 .part v0000014fedd49950_0, 0, 1;
L_0000014fedd48d70 .part v0000014fedd4a490_0, 3, 1;
L_0000014fedd4a8f0 .part v0000014fedd49950_0, 1, 1;
L_0000014fedd48f50 .part v0000014fedd4a490_0, 0, 1;
L_0000014fedd49db0 .part v0000014fedd49950_0, 1, 1;
L_0000014fedd49e50 .part v0000014fedd4a490_0, 1, 1;
L_0000014fedd4a0d0 .part v0000014fedd49950_0, 1, 1;
L_0000014fedd4a030 .part v0000014fedd4a490_0, 2, 1;
L_0000014fedd4a5d0 .part v0000014fedd49950_0, 1, 1;
L_0000014fedd49770 .part v0000014fedd4a490_0, 3, 1;
L_0000014fedd48ff0 .part v0000014fedd49950_0, 2, 1;
L_0000014fedd49590 .part v0000014fedd4a490_0, 0, 1;
L_0000014fedd49270 .part v0000014fedd49950_0, 2, 1;
L_0000014fedd4a210 .part v0000014fedd4a490_0, 1, 1;
L_0000014fedd49090 .part v0000014fedd49950_0, 2, 1;
L_0000014fedd49630 .part v0000014fedd4a490_0, 2, 1;
L_0000014fedd4a7b0 .part v0000014fedd49950_0, 2, 1;
L_0000014fedd49130 .part v0000014fedd4a490_0, 3, 1;
L_0000014fedd51620 .part v0000014fedd49950_0, 3, 1;
L_0000014fedd50680 .part v0000014fedd4a490_0, 0, 1;
L_0000014fedd52480 .part v0000014fedd49950_0, 3, 1;
L_0000014fedd51e40 .part v0000014fedd4a490_0, 1, 1;
L_0000014fedd500e0 .part v0000014fedd49950_0, 3, 1;
L_0000014fedd50720 .part v0000014fedd4a490_0, 2, 1;
L_0000014fedd50ae0 .part v0000014fedd49950_0, 3, 1;
L_0000014fedd525c0 .part v0000014fedd4a490_0, 3, 1;
LS_0000014fedd516c0_0_0 .concat8 [ 1 1 1 1], L_0000014fedcded80, L_0000014fedcdea00, L_0000014fedd4d210, L_0000014fedd4d6e0;
LS_0000014fedd516c0_0_4 .concat8 [ 4 0 0 0], L_0000014fedd54098;
L_0000014fedd516c0 .concat8 [ 4 4 0 0], LS_0000014fedd516c0_0_0, LS_0000014fedd516c0_0_4;
LS_0000014fedd51300_0_0 .concat8 [ 1 1 1 1], L_0000014fedcde7d0, L_0000014fedcdea70, L_0000014fedd4dc90, L_0000014fedd4dd70;
LS_0000014fedd51300_0_4 .concat8 [ 3 0 0 0], L_0000014fedd540e0;
L_0000014fedd51300 .concat8 [ 4 3 0 0], LS_0000014fedd51300_0_0, LS_0000014fedd51300_0_4;
LS_0000014fedd50900_0_0 .concat8 [ 1 1 1 1], L_0000014fedcde990, L_0000014fedcdec30, L_0000014fedd4d4b0, L_0000014fedd4cf70;
LS_0000014fedd50900_0_4 .concat8 [ 2 0 0 0], L_0000014fedd54128;
L_0000014fedd50900 .concat8 [ 4 2 0 0], LS_0000014fedd50900_0_0, LS_0000014fedd50900_0_4;
LS_0000014fedd50b80_0_0 .concat8 [ 1 1 1 1], L_0000014fedcdeae0, L_0000014fedcdeca0, L_0000014fedd4d520, L_0000014fedd4d750;
LS_0000014fedd50b80_0_4 .concat8 [ 1 0 0 0], L_0000014fedd54170;
L_0000014fedd50b80 .concat8 [ 4 1 0 0], LS_0000014fedd50b80_0_0, LS_0000014fedd50b80_0_4;
L_0000014fedd513a0 .part L_0000014fedd516c0, 0, 1;
L_0000014fedd52520 .part L_0000014fedd516c0, 1, 1;
L_0000014fedd50e00 .part L_0000014fedd51300, 0, 1;
L_0000014fedd51760 .part L_0000014fedd50900, 0, 1;
L_0000014fedd50540 .part L_0000014fedd51300, 1, 1;
L_0000014fedd50180 .part L_0000014fedd516c0, 2, 1;
L_0000014fedd511c0 .part L_0000014fedd50b80, 0, 1;
L_0000014fedd52660 .part L_0000014fedd50900, 1, 1;
L_0000014fedd52700 .part L_0000014fedd51300, 2, 1;
L_0000014fedd527a0 .part L_0000014fedd516c0, 3, 1;
L_0000014fedd52840 .part L_0000014fedd50b80, 1, 1;
L_0000014fedd51260 .part L_0000014fedd50900, 2, 1;
L_0000014fedd502c0 .part L_0000014fedd51300, 3, 1;
L_0000014fedd50ea0 .part L_0000014fedd516c0, 4, 1;
L_0000014fedd51080 .part L_0000014fedd50b80, 2, 1;
L_0000014fedd51440 .part L_0000014fedd50900, 3, 1;
L_0000014fedd50400 .part L_0000014fedd51300, 4, 1;
L_0000014fedd518a0 .part L_0000014fedd516c0, 5, 1;
L_0000014fedd50220 .part L_0000014fedd50b80, 3, 1;
L_0000014fedd50360 .part L_0000014fedd50900, 4, 1;
L_0000014fedd51ee0 .part L_0000014fedd51300, 5, 1;
L_0000014fedd504a0 .part L_0000014fedd516c0, 6, 1;
L_0000014fedd51f80 .part L_0000014fedd50b80, 4, 1;
L_0000014fedd514e0 .part L_0000014fedd50900, 5, 1;
L_0000014fedd509a0 .part L_0000014fedd51300, 6, 1;
L_0000014fedd505e0 .part L_0000014fedd516c0, 7, 1;
LS_0000014fedd507c0_0_0 .concat8 [ 1 1 1 1], L_0000014fedd513a0, L_0000014fedd4d1a0, L_0000014fedd4dde0, L_0000014fedd4d670;
LS_0000014fedd507c0_0_4 .concat8 [ 1 1 1 1], L_0000014fedd9cb70, L_0000014fedd9c390, L_0000014fedd9f500, L_0000014fedd9f570;
L_0000014fedd507c0 .concat8 [ 4 4 0 0], LS_0000014fedd507c0_0_0, LS_0000014fedd507c0_0_4;
S_0000014fedce3bc0 .scope module, "f1" "fulladder" 2 45, 2 1 0, S_0000014fedce1920;
 .timescale 0 0;
    .port_info 0 /INPUT 1 "I0";
    .port_info 1 /INPUT 1 "I1";
    .port_info 2 /INPUT 1 "Cin";
    .port_info 3 /OUTPUT 1 "sum";
    .port_info 4 /OUTPUT 1 "Cout";
L_0000014fedd4d360 .functor XOR 1, L_0000014fedd4dd00, L_0000014fedd50180, C4<0>, C4<0>;
L_0000014fedd4dde0 .functor XOR 1, L_0000014fedd4d360, L_0000014fedd4d3d0, C4<0>, C4<0>;
L_0000014fedd4db40 .functor XOR 1, L_0000014fedd4dd00, L_0000014fedd50180, C4<0>, C4<0>;
L_0000014fedd4d980 .functor AND 1, L_0000014fedd4db40, L_0000014fedd4d3d0, C4<1>, C4<1>;
L_0000014fedd4d830 .functor AND 1, L_0000014fedd4dd00, L_0000014fedd50180, C4<1>, C4<1>;
L_0000014fedd4d280 .functor OR 1, L_0000014fedd4d980, L_0000014fedd4d830, C4<0>, C4<0>;
v0000014fedcd7170_0 .net "Cin", 0 0, L_0000014fedd4d3d0;  alias, 1 drivers
v0000014fedcd7c10_0 .net "Cout", 0 0, L_0000014fedd4d280;  alias, 1 drivers
v0000014fedcd73f0_0 .net "I0", 0 0, L_0000014fedd4dd00;  alias, 1 drivers
v0000014fedcd7490_0 .net "I1", 0 0, L_0000014fedd50180;  1 drivers
v0000014fedcd7530_0 .net *"_ivl_0", 0 0, L_0000014fedd4d360;  1 drivers
v0000014fedcd75d0_0 .net *"_ivl_4", 0 0, L_0000014fedd4db40;  1 drivers
v0000014fedcd7cb0_0 .net *"_ivl_6", 0 0, L_0000014fedd4d980;  1 drivers
v0000014fedcba040_0 .net *"_ivl_8", 0 0, L_0000014fedd4d830;  1 drivers
v0000014fedcba2c0_0 .net "sum", 0 0, L_0000014fedd4dde0;  1 drivers
S_0000014fedca5630 .scope module, "f10" "fulladder" 2 63, 2 1 0, S_0000014fedce1920;
 .timescale 0 0;
    .port_info 0 /INPUT 1 "I0";
    .port_info 1 /INPUT 1 "I1";
    .port_info 2 /INPUT 1 "Cin";
    .port_info 3 /OUTPUT 1 "sum";
    .port_info 4 /OUTPUT 1 "Cout";
L_0000014fedd9c780 .functor XOR 1, L_0000014fedd50220, L_0000014fedd50360, C4<0>, C4<0>;
L_0000014fedd9c7f0 .functor XOR 1, L_0000014fedd9c780, L_0000014fedd51ee0, C4<0>, C4<0>;
L_0000014fedd9f260 .functor XOR 1, L_0000014fedd50220, L_0000014fedd50360, C4<0>, C4<0>;
L_0000014fedd9f6c0 .functor AND 1, L_0000014fedd9f260, L_0000014fedd51ee0, C4<1>, C4<1>;
L_0000014fedd9fa40 .functor AND 1, L_0000014fedd50220, L_0000014fedd50360, C4<1>, C4<1>;
L_0000014fedd9fea0 .functor OR 1, L_0000014fedd9f6c0, L_0000014fedd9fa40, C4<0>, C4<0>;
v0000014fedcb9460_0 .net "Cin", 0 0, L_0000014fedd51ee0;  1 drivers
v0000014fedccb700_0 .net "Cout", 0 0, L_0000014fedd9fea0;  alias, 1 drivers
v0000014fedcca1c0_0 .net "I0", 0 0, L_0000014fedd50220;  1 drivers
v0000014fedccac60_0 .net "I1", 0 0, L_0000014fedd50360;  1 drivers
v0000014fedd351c0_0 .net *"_ivl_0", 0 0, L_0000014fedd9c780;  1 drivers
v0000014fedd35c60_0 .net *"_ivl_4", 0 0, L_0000014fedd9f260;  1 drivers
v0000014fedd367a0_0 .net *"_ivl_6", 0 0, L_0000014fedd9f6c0;  1 drivers
v0000014fedd358a0_0 .net *"_ivl_8", 0 0, L_0000014fedd9fa40;  1 drivers
v0000014fedd36520_0 .net "sum", 0 0, L_0000014fedd9c7f0;  alias, 1 drivers
S_0000014fedca57c0 .scope module, "f11" "fulladder" 2 64, 2 1 0, S_0000014fedce1920;
 .timescale 0 0;
    .port_info 0 /INPUT 1 "I0";
    .port_info 1 /INPUT 1 "I1";
    .port_info 2 /INPUT 1 "Cin";
    .port_info 3 /OUTPUT 1 "sum";
    .port_info 4 /OUTPUT 1 "Cout";
L_0000014fedd9fd50 .functor XOR 1, L_0000014fedd9c7f0, L_0000014fedd504a0, C4<0>, C4<0>;
L_0000014fedd9f960 .functor XOR 1, L_0000014fedd9fd50, L_0000014fedd9ccc0, C4<0>, C4<0>;
L_0000014fedd9fff0 .functor XOR 1, L_0000014fedd9c7f0, L_0000014fedd504a0, C4<0>, C4<0>;
L_0000014fedd9f8f0 .functor AND 1, L_0000014fedd9fff0, L_0000014fedd9ccc0, C4<1>, C4<1>;
L_0000014fedd9f650 .functor AND 1, L_0000014fedd9c7f0, L_0000014fedd504a0, C4<1>, C4<1>;
L_0000014fedd9f5e0 .functor OR 1, L_0000014fedd9f8f0, L_0000014fedd9f650, C4<0>, C4<0>;
v0000014fedd36980_0 .net "Cin", 0 0, L_0000014fedd9ccc0;  alias, 1 drivers
v0000014fedd35080_0 .net "Cout", 0 0, L_0000014fedd9f5e0;  alias, 1 drivers
v0000014fedd36f20_0 .net "I0", 0 0, L_0000014fedd9c7f0;  alias, 1 drivers
v0000014fedd365c0_0 .net "I1", 0 0, L_0000014fedd504a0;  1 drivers
v0000014fedd368e0_0 .net *"_ivl_0", 0 0, L_0000014fedd9fd50;  1 drivers
v0000014fedd36020_0 .net *"_ivl_4", 0 0, L_0000014fedd9fff0;  1 drivers
v0000014fedd36700_0 .net *"_ivl_6", 0 0, L_0000014fedd9f8f0;  1 drivers
v0000014fedd36160_0 .net *"_ivl_8", 0 0, L_0000014fedd9f650;  1 drivers
v0000014fedd36ac0_0 .net "sum", 0 0, L_0000014fedd9f960;  alias, 1 drivers
S_0000014fedc4cf70 .scope module, "f12" "fulladder" 2 65, 2 1 0, S_0000014fedce1920;
 .timescale 0 0;
    .port_info 0 /INPUT 1 "I0";
    .port_info 1 /INPUT 1 "I1";
    .port_info 2 /INPUT 1 "Cin";
    .port_info 3 /OUTPUT 1 "sum";
    .port_info 4 /OUTPUT 1 "Cout";
L_0000014fedd9f730 .functor XOR 1, L_0000014fedd9f960, L_0000014fedd9c630, C4<0>, C4<0>;
L_0000014fedd9f500 .functor XOR 1, L_0000014fedd9f730, L_0000014fedd9c6a0, C4<0>, C4<0>;
L_0000014fedd9f7a0 .functor XOR 1, L_0000014fedd9f960, L_0000014fedd9c630, C4<0>, C4<0>;
L_0000014fedd9f2d0 .functor AND 1, L_0000014fedd9f7a0, L_0000014fedd9c6a0, C4<1>, C4<1>;
L_0000014fedd9fdc0 .functor AND 1, L_0000014fedd9f960, L_0000014fedd9c630, C4<1>, C4<1>;
L_0000014fedd9f180 .functor OR 1, L_0000014fedd9f2d0, L_0000014fedd9fdc0, C4<0>, C4<0>;
v0000014fedd35120_0 .net "Cin", 0 0, L_0000014fedd9c6a0;  alias, 1 drivers
v0000014fedd36e80_0 .net "Cout", 0 0, L_0000014fedd9f180;  alias, 1 drivers
v0000014fedd36660_0 .net "I0", 0 0, L_0000014fedd9f960;  alias, 1 drivers
v0000014fedd36200_0 .net "I1", 0 0, L_0000014fedd9c630;  alias, 1 drivers
v0000014fedd35260_0 .net *"_ivl_0", 0 0, L_0000014fedd9f730;  1 drivers
v0000014fedd35300_0 .net *"_ivl_4", 0 0, L_0000014fedd9f7a0;  1 drivers
v0000014fedd353a0_0 .net *"_ivl_6", 0 0, L_0000014fedd9f2d0;  1 drivers
v0000014fedd35440_0 .net *"_ivl_8", 0 0, L_0000014fedd9fdc0;  1 drivers
v0000014fedd36840_0 .net "sum", 0 0, L_0000014fedd9f500;  1 drivers
S_0000014fedc4d100 .scope module, "f13" "fulladder" 2 68, 2 1 0, S_0000014fedce1920;
 .timescale 0 0;
    .port_info 0 /INPUT 1 "I0";
    .port_info 1 /INPUT 1 "I1";
    .port_info 2 /INPUT 1 "Cin";
    .port_info 3 /OUTPUT 1 "sum";
    .port_info 4 /OUTPUT 1 "Cout";
L_0000014fedd9f810 .functor XOR 1, L_0000014fedd51f80, L_0000014fedd514e0, C4<0>, C4<0>;
L_0000014fedd9f1f0 .functor XOR 1, L_0000014fedd9f810, L_0000014fedd509a0, C4<0>, C4<0>;
L_0000014fedd9f490 .functor XOR 1, L_0000014fedd51f80, L_0000014fedd514e0, C4<0>, C4<0>;
L_0000014fedd9f340 .functor AND 1, L_0000014fedd9f490, L_0000014fedd509a0, C4<1>, C4<1>;
L_0000014fedd9f3b0 .functor AND 1, L_0000014fedd51f80, L_0000014fedd514e0, C4<1>, C4<1>;
L_0000014fedd9fe30 .functor OR 1, L_0000014fedd9f340, L_0000014fedd9f3b0, C4<0>, C4<0>;
v0000014fedd36b60_0 .net "Cin", 0 0, L_0000014fedd509a0;  1 drivers
v0000014fedd36a20_0 .net "Cout", 0 0, L_0000014fedd9fe30;  alias, 1 drivers
v0000014fedd36c00_0 .net "I0", 0 0, L_0000014fedd51f80;  1 drivers
v0000014fedd354e0_0 .net "I1", 0 0, L_0000014fedd514e0;  1 drivers
v0000014fedd35bc0_0 .net *"_ivl_0", 0 0, L_0000014fedd9f810;  1 drivers
v0000014fedd362a0_0 .net *"_ivl_4", 0 0, L_0000014fedd9f490;  1 drivers
v0000014fedd35580_0 .net *"_ivl_6", 0 0, L_0000014fedd9f340;  1 drivers
v0000014fedd35da0_0 .net *"_ivl_8", 0 0, L_0000014fedd9f3b0;  1 drivers
v0000014fedd35b20_0 .net "sum", 0 0, L_0000014fedd9f1f0;  alias, 1 drivers
S_0000014fedc95770 .scope module, "f14" "fulladder" 2 69, 2 1 0, S_0000014fedce1920;
 .timescale 0 0;
    .port_info 0 /INPUT 1 "I0";
    .port_info 1 /INPUT 1 "I1";
    .port_info 2 /INPUT 1 "Cin";
    .port_info 3 /OUTPUT 1 "sum";
    .port_info 4 /OUTPUT 1 "Cout";
L_0000014fedd9f880 .functor XOR 1, L_0000014fedd9f1f0, L_0000014fedd505e0, C4<0>, C4<0>;
L_0000014fedd9f420 .functor XOR 1, L_0000014fedd9f880, L_0000014fedd9fea0, C4<0>, C4<0>;
L_0000014fedd9fc70 .functor XOR 1, L_0000014fedd9f1f0, L_0000014fedd505e0, C4<0>, C4<0>;
L_0000014fedd9ff10 .functor AND 1, L_0000014fedd9fc70, L_0000014fedd9fea0, C4<1>, C4<1>;
L_0000014fedd9ff80 .functor AND 1, L_0000014fedd9f1f0, L_0000014fedd505e0, C4<1>, C4<1>;
L_0000014fedd9fce0 .functor OR 1, L_0000014fedd9ff10, L_0000014fedd9ff80, C4<0>, C4<0>;
v0000014fedd36de0_0 .net "Cin", 0 0, L_0000014fedd9fea0;  alias, 1 drivers
v0000014fedd35760_0 .net "Cout", 0 0, L_0000014fedd9fce0;  alias, 1 drivers
v0000014fedd35a80_0 .net "I0", 0 0, L_0000014fedd9f1f0;  alias, 1 drivers
v0000014fedd36ca0_0 .net "I1", 0 0, L_0000014fedd505e0;  1 drivers
v0000014fedd35620_0 .net *"_ivl_0", 0 0, L_0000014fedd9f880;  1 drivers
v0000014fedd35940_0 .net *"_ivl_4", 0 0, L_0000014fedd9fc70;  1 drivers
v0000014fedd356c0_0 .net *"_ivl_6", 0 0, L_0000014fedd9ff10;  1 drivers
v0000014fedd35d00_0 .net *"_ivl_8", 0 0, L_0000014fedd9ff80;  1 drivers
v0000014fedd363e0_0 .net "sum", 0 0, L_0000014fedd9f420;  alias, 1 drivers
S_0000014fedc95900 .scope module, "f15" "fulladder" 2 70, 2 1 0, S_0000014fedce1920;
 .timescale 0 0;
    .port_info 0 /INPUT 1 "I0";
    .port_info 1 /INPUT 1 "I1";
    .port_info 2 /INPUT 1 "Cin";
    .port_info 3 /OUTPUT 1 "sum";
    .port_info 4 /OUTPUT 1 "Cout";
L_0000014fedd9f110 .functor XOR 1, L_0000014fedd9f420, L_0000014fedd9f5e0, C4<0>, C4<0>;
L_0000014fedd9f570 .functor XOR 1, L_0000014fedd9f110, L_0000014fedd9f180, C4<0>, C4<0>;
L_0000014fedd9f9d0 .functor XOR 1, L_0000014fedd9f420, L_0000014fedd9f5e0, C4<0>, C4<0>;
L_0000014fedd9fab0 .functor AND 1, L_0000014fedd9f9d0, L_0000014fedd9f180, C4<1>, C4<1>;
L_0000014fedd9fb20 .functor AND 1, L_0000014fedd9f420, L_0000014fedd9f5e0, C4<1>, C4<1>;
L_0000014fedd9fb90 .functor OR 1, L_0000014fedd9fab0, L_0000014fedd9fb20, C4<0>, C4<0>;
v0000014fedd36d40_0 .net "Cin", 0 0, L_0000014fedd9f180;  alias, 1 drivers
v0000014fedd35800_0 .net "Cout", 0 0, L_0000014fedd9fb90;  alias, 1 drivers
v0000014fedd35e40_0 .net "I0", 0 0, L_0000014fedd9f420;  alias, 1 drivers
v0000014fedd359e0_0 .net "I1", 0 0, L_0000014fedd9f5e0;  alias, 1 drivers
v0000014fedd35ee0_0 .net *"_ivl_0", 0 0, L_0000014fedd9f110;  1 drivers
v0000014fedd35f80_0 .net *"_ivl_4", 0 0, L_0000014fedd9f9d0;  1 drivers
v0000014fedd360c0_0 .net *"_ivl_6", 0 0, L_0000014fedd9fab0;  1 drivers
v0000014fedd36340_0 .net *"_ivl_8", 0 0, L_0000014fedd9fb20;  1 drivers
v0000014fedd36480_0 .net "sum", 0 0, L_0000014fedd9f570;  1 drivers
S_0000014fedc627f0 .scope module, "f2" "fulladder" 2 48, 2 1 0, S_0000014fedce1920;
 .timescale 0 0;
    .port_info 0 /INPUT 1 "I0";
    .port_info 1 /INPUT 1 "I1";
    .port_info 2 /INPUT 1 "Cin";
    .port_info 3 /OUTPUT 1 "sum";
    .port_info 4 /OUTPUT 1 "Cout";
L_0000014fedd4d9f0 .functor XOR 1, L_0000014fedd511c0, L_0000014fedd52660, C4<0>, C4<0>;
L_0000014fedd4cf00 .functor XOR 1, L_0000014fedd4d9f0, L_0000014fedd52700, C4<0>, C4<0>;
L_0000014fedd4d8a0 .functor XOR 1, L_0000014fedd511c0, L_0000014fedd52660, C4<0>, C4<0>;
L_0000014fedd4d910 .functor AND 1, L_0000014fedd4d8a0, L_0000014fedd52700, C4<1>, C4<1>;
L_0000014fedd4d7c0 .functor AND 1, L_0000014fedd511c0, L_0000014fedd52660, C4<1>, C4<1>;
L_0000014fedd4d600 .functor OR 1, L_0000014fedd4d910, L_0000014fedd4d7c0, C4<0>, C4<0>;
v0000014fedd410f0_0 .net "Cin", 0 0, L_0000014fedd52700;  1 drivers
v0000014fedd40c90_0 .net "Cout", 0 0, L_0000014fedd4d600;  alias, 1 drivers
v0000014fedd417d0_0 .net "I0", 0 0, L_0000014fedd511c0;  1 drivers
v0000014fedd40150_0 .net "I1", 0 0, L_0000014fedd52660;  1 drivers
v0000014fedd40ab0_0 .net *"_ivl_0", 0 0, L_0000014fedd4d9f0;  1 drivers
v0000014fedd40dd0_0 .net *"_ivl_4", 0 0, L_0000014fedd4d8a0;  1 drivers
v0000014fedd41c30_0 .net *"_ivl_6", 0 0, L_0000014fedd4d910;  1 drivers
v0000014fedd40d30_0 .net *"_ivl_8", 0 0, L_0000014fedd4d7c0;  1 drivers
v0000014fedd40f10_0 .net "sum", 0 0, L_0000014fedd4cf00;  alias, 1 drivers
S_0000014fedc62980 .scope module, "f3" "fulladder" 2 50, 2 1 0, S_0000014fedce1920;
 .timescale 0 0;
    .port_info 0 /INPUT 1 "I0";
    .port_info 1 /INPUT 1 "I1";
    .port_info 2 /INPUT 1 "Cin";
    .port_info 3 /OUTPUT 1 "sum";
    .port_info 4 /OUTPUT 1 "Cout";
L_0000014fedd4d590 .functor XOR 1, L_0000014fedd4d050, L_0000014fedd4cfe0, C4<0>, C4<0>;
L_0000014fedd4d670 .functor XOR 1, L_0000014fedd4d590, L_0000014fedd4d280, C4<0>, C4<0>;
L_0000014fedd4d0c0 .functor XOR 1, L_0000014fedd4d050, L_0000014fedd4cfe0, C4<0>, C4<0>;
L_0000014fedd4d130 .functor AND 1, L_0000014fedd4d0c0, L_0000014fedd4d280, C4<1>, C4<1>;
L_0000014fedd4d2f0 .functor AND 1, L_0000014fedd4d050, L_0000014fedd4cfe0, C4<1>, C4<1>;
L_0000014fedd4d440 .functor OR 1, L_0000014fedd4d130, L_0000014fedd4d2f0, C4<0>, C4<0>;
v0000014fedd408d0_0 .net "Cin", 0 0, L_0000014fedd4d280;  alias, 1 drivers
v0000014fedd40b50_0 .net "Cout", 0 0, L_0000014fedd4d440;  alias, 1 drivers
v0000014fedd41eb0_0 .net "I0", 0 0, L_0000014fedd4d050;  alias, 1 drivers
v0000014fedd41230_0 .net "I1", 0 0, L_0000014fedd4cfe0;  alias, 1 drivers
v0000014fedd41af0_0 .net *"_ivl_0", 0 0, L_0000014fedd4d590;  1 drivers
v0000014fedd41d70_0 .net *"_ivl_4", 0 0, L_0000014fedd4d0c0;  1 drivers
v0000014fedd40e70_0 .net *"_ivl_6", 0 0, L_0000014fedd4d130;  1 drivers
v0000014fedd414b0_0 .net *"_ivl_8", 0 0, L_0000014fedd4d2f0;  1 drivers
v0000014fedd40fb0_0 .net "sum", 0 0, L_0000014fedd4d670;  1 drivers
S_0000014fedc62b10 .scope module, "f4" "fulladder" 2 53, 2 1 0, S_0000014fedce1920;
 .timescale 0 0;
    .port_info 0 /INPUT 1 "I0";
    .port_info 1 /INPUT 1 "I1";
    .port_info 2 /INPUT 1 "Cin";
    .port_info 3 /OUTPUT 1 "sum";
    .port_info 4 /OUTPUT 1 "Cout";
L_0000014fedd4dad0 .functor XOR 1, L_0000014fedd52840, L_0000014fedd51260, C4<0>, C4<0>;
L_0000014fedd4dbb0 .functor XOR 1, L_0000014fedd4dad0, L_0000014fedd502c0, C4<0>, C4<0>;
L_0000014fedd4dc20 .functor XOR 1, L_0000014fedd52840, L_0000014fedd51260, C4<0>, C4<0>;
L_0000014fedd9c0f0 .functor AND 1, L_0000014fedd4dc20, L_0000014fedd502c0, C4<1>, C4<1>;
L_0000014fedd9c860 .functor AND 1, L_0000014fedd52840, L_0000014fedd51260, C4<1>, C4<1>;
L_0000014fedd9c940 .functor OR 1, L_0000014fedd9c0f0, L_0000014fedd9c860, C4<0>, C4<0>;
v0000014fedd40bf0_0 .net "Cin", 0 0, L_0000014fedd502c0;  1 drivers
v0000014fedd41f50_0 .net "Cout", 0 0, L_0000014fedd9c940;  alias, 1 drivers
v0000014fedd415f0_0 .net "I0", 0 0, L_0000014fedd52840;  1 drivers
v0000014fedd41730_0 .net "I1", 0 0, L_0000014fedd51260;  1 drivers
v0000014fedd406f0_0 .net *"_ivl_0", 0 0, L_0000014fedd4dad0;  1 drivers
v0000014fedd41550_0 .net *"_ivl_4", 0 0, L_0000014fedd4dc20;  1 drivers
v0000014fedd40830_0 .net *"_ivl_6", 0 0, L_0000014fedd9c0f0;  1 drivers
v0000014fedd412d0_0 .net *"_ivl_8", 0 0, L_0000014fedd9c860;  1 drivers
v0000014fedd41050_0 .net "sum", 0 0, L_0000014fedd4dbb0;  alias, 1 drivers
S_0000014fedd43480 .scope module, "f5" "fulladder" 2 54, 2 1 0, S_0000014fedce1920;
 .timescale 0 0;
    .port_info 0 /INPUT 1 "I0";
    .port_info 1 /INPUT 1 "I1";
    .port_info 2 /INPUT 1 "Cin";
    .port_info 3 /OUTPUT 1 "sum";
    .port_info 4 /OUTPUT 1 "Cout";
L_0000014fedd9c4e0 .functor XOR 1, L_0000014fedd4dbb0, L_0000014fedd50ea0, C4<0>, C4<0>;
L_0000014fedd9cc50 .functor XOR 1, L_0000014fedd9c4e0, L_0000014fedd4d600, C4<0>, C4<0>;
L_0000014fedd9ca90 .functor XOR 1, L_0000014fedd4dbb0, L_0000014fedd50ea0, C4<0>, C4<0>;
L_0000014fedd9c160 .functor AND 1, L_0000014fedd9ca90, L_0000014fedd4d600, C4<1>, C4<1>;
L_0000014fedd9cf60 .functor AND 1, L_0000014fedd4dbb0, L_0000014fedd50ea0, C4<1>, C4<1>;
L_0000014fedd9ce10 .functor OR 1, L_0000014fedd9c160, L_0000014fedd9cf60, C4<0>, C4<0>;
v0000014fedd40510_0 .net "Cin", 0 0, L_0000014fedd4d600;  alias, 1 drivers
v0000014fedd41690_0 .net "Cout", 0 0, L_0000014fedd9ce10;  alias, 1 drivers
v0000014fedd400b0_0 .net "I0", 0 0, L_0000014fedd4dbb0;  alias, 1 drivers
v0000014fedd41370_0 .net "I1", 0 0, L_0000014fedd50ea0;  1 drivers
v0000014fedd41910_0 .net *"_ivl_0", 0 0, L_0000014fedd9c4e0;  1 drivers
v0000014fedd401f0_0 .net *"_ivl_4", 0 0, L_0000014fedd9ca90;  1 drivers
v0000014fedd41190_0 .net *"_ivl_6", 0 0, L_0000014fedd9c160;  1 drivers
v0000014fedd41410_0 .net *"_ivl_8", 0 0, L_0000014fedd9cf60;  1 drivers
v0000014fedd41870_0 .net "sum", 0 0, L_0000014fedd9cc50;  alias, 1 drivers
S_0000014fedd43610 .scope module, "f6" "fulladder" 2 55, 2 1 0, S_0000014fedce1920;
 .timescale 0 0;
    .port_info 0 /INPUT 1 "I0";
    .port_info 1 /INPUT 1 "I1";
    .port_info 2 /INPUT 1 "Cin";
    .port_info 3 /OUTPUT 1 "sum";
    .port_info 4 /OUTPUT 1 "Cout";
L_0000014fedd9ca20 .functor XOR 1, L_0000014fedd9cc50, L_0000014fedd4da60, C4<0>, C4<0>;
L_0000014fedd9cb70 .functor XOR 1, L_0000014fedd9ca20, L_0000014fedd4d440, C4<0>, C4<0>;
L_0000014fedd9cb00 .functor XOR 1, L_0000014fedd9cc50, L_0000014fedd4da60, C4<0>, C4<0>;
L_0000014fedd9c550 .functor AND 1, L_0000014fedd9cb00, L_0000014fedd4d440, C4<1>, C4<1>;
L_0000014fedd9c1d0 .functor AND 1, L_0000014fedd9cc50, L_0000014fedd4da60, C4<1>, C4<1>;
L_0000014fedd9c2b0 .functor OR 1, L_0000014fedd9c550, L_0000014fedd9c1d0, C4<0>, C4<0>;
v0000014fedd419b0_0 .net "Cin", 0 0, L_0000014fedd4d440;  alias, 1 drivers
v0000014fedd41e10_0 .net "Cout", 0 0, L_0000014fedd9c2b0;  alias, 1 drivers
v0000014fedd40290_0 .net "I0", 0 0, L_0000014fedd9cc50;  alias, 1 drivers
v0000014fedd41a50_0 .net "I1", 0 0, L_0000014fedd4da60;  alias, 1 drivers
v0000014fedd41b90_0 .net *"_ivl_0", 0 0, L_0000014fedd9ca20;  1 drivers
v0000014fedd40970_0 .net *"_ivl_4", 0 0, L_0000014fedd9cb00;  1 drivers
v0000014fedd41cd0_0 .net *"_ivl_6", 0 0, L_0000014fedd9c550;  1 drivers
v0000014fedd40a10_0 .net *"_ivl_8", 0 0, L_0000014fedd9c1d0;  1 drivers
v0000014fedd40330_0 .net "sum", 0 0, L_0000014fedd9cb70;  1 drivers
S_0000014fedd437a0 .scope module, "f7" "fulladder" 2 58, 2 1 0, S_0000014fedce1920;
 .timescale 0 0;
    .port_info 0 /INPUT 1 "I0";
    .port_info 1 /INPUT 1 "I1";
    .port_info 2 /INPUT 1 "Cin";
    .port_info 3 /OUTPUT 1 "sum";
    .port_info 4 /OUTPUT 1 "Cout";
L_0000014fedd9c240 .functor XOR 1, L_0000014fedd51080, L_0000014fedd51440, C4<0>, C4<0>;
L_0000014fedd9cef0 .functor XOR 1, L_0000014fedd9c240, L_0000014fedd50400, C4<0>, C4<0>;
L_0000014fedd9cbe0 .functor XOR 1, L_0000014fedd51080, L_0000014fedd51440, C4<0>, C4<0>;
L_0000014fedd9c9b0 .functor AND 1, L_0000014fedd9cbe0, L_0000014fedd50400, C4<1>, C4<1>;
L_0000014fedd9cfd0 .functor AND 1, L_0000014fedd51080, L_0000014fedd51440, C4<1>, C4<1>;
L_0000014fedd9ccc0 .functor OR 1, L_0000014fedd9c9b0, L_0000014fedd9cfd0, C4<0>, C4<0>;
v0000014fedd403d0_0 .net "Cin", 0 0, L_0000014fedd50400;  1 drivers
v0000014fedd40470_0 .net "Cout", 0 0, L_0000014fedd9ccc0;  alias, 1 drivers
v0000014fedd405b0_0 .net "I0", 0 0, L_0000014fedd51080;  1 drivers
v0000014fedd40650_0 .net "I1", 0 0, L_0000014fedd51440;  1 drivers
v0000014fedd40790_0 .net *"_ivl_0", 0 0, L_0000014fedd9c240;  1 drivers
v0000014fedd44920_0 .net *"_ivl_4", 0 0, L_0000014fedd9cbe0;  1 drivers
v0000014fedd447e0_0 .net *"_ivl_6", 0 0, L_0000014fedd9c9b0;  1 drivers
v0000014fedd43c00_0 .net *"_ivl_8", 0 0, L_0000014fedd9cfd0;  1 drivers
v0000014fedd44380_0 .net "sum", 0 0, L_0000014fedd9cef0;  alias, 1 drivers
S_0000014fedd45940 .scope module, "f8" "fulladder" 2 59, 2 1 0, S_0000014fedce1920;
 .timescale 0 0;
    .port_info 0 /INPUT 1 "I0";
    .port_info 1 /INPUT 1 "I1";
    .port_info 2 /INPUT 1 "Cin";
    .port_info 3 /OUTPUT 1 "sum";
    .port_info 4 /OUTPUT 1 "Cout";
L_0000014fedd9cd30 .functor XOR 1, L_0000014fedd9cef0, L_0000014fedd518a0, C4<0>, C4<0>;
L_0000014fedd9cda0 .functor XOR 1, L_0000014fedd9cd30, L_0000014fedd9c940, C4<0>, C4<0>;
L_0000014fedd9c710 .functor XOR 1, L_0000014fedd9cef0, L_0000014fedd518a0, C4<0>, C4<0>;
L_0000014fedd9c8d0 .functor AND 1, L_0000014fedd9c710, L_0000014fedd9c940, C4<1>, C4<1>;
L_0000014fedd9ce80 .functor AND 1, L_0000014fedd9cef0, L_0000014fedd518a0, C4<1>, C4<1>;
L_0000014fedd9c630 .functor OR 1, L_0000014fedd9c8d0, L_0000014fedd9ce80, C4<0>, C4<0>;
v0000014fedd44e20_0 .net "Cin", 0 0, L_0000014fedd9c940;  alias, 1 drivers
v0000014fedd45320_0 .net "Cout", 0 0, L_0000014fedd9c630;  alias, 1 drivers
v0000014fedd44060_0 .net "I0", 0 0, L_0000014fedd9cef0;  alias, 1 drivers
v0000014fedd43e80_0 .net "I1", 0 0, L_0000014fedd518a0;  1 drivers
v0000014fedd449c0_0 .net *"_ivl_0", 0 0, L_0000014fedd9cd30;  1 drivers
v0000014fedd45280_0 .net *"_ivl_4", 0 0, L_0000014fedd9c710;  1 drivers
v0000014fedd45140_0 .net *"_ivl_6", 0 0, L_0000014fedd9c8d0;  1 drivers
v0000014fedd43ac0_0 .net *"_ivl_8", 0 0, L_0000014fedd9ce80;  1 drivers
v0000014fedd43de0_0 .net "sum", 0 0, L_0000014fedd9cda0;  alias, 1 drivers
S_0000014fedd45ad0 .scope module, "f9" "fulladder" 2 60, 2 1 0, S_0000014fedce1920;
 .timescale 0 0;
    .port_info 0 /INPUT 1 "I0";
    .port_info 1 /INPUT 1 "I1";
    .port_info 2 /INPUT 1 "Cin";
    .port_info 3 /OUTPUT 1 "sum";
    .port_info 4 /OUTPUT 1 "Cout";
L_0000014fedd9c320 .functor XOR 1, L_0000014fedd9cda0, L_0000014fedd9ce10, C4<0>, C4<0>;
L_0000014fedd9c390 .functor XOR 1, L_0000014fedd9c320, L_0000014fedd9c2b0, C4<0>, C4<0>;
L_0000014fedd9c400 .functor XOR 1, L_0000014fedd9cda0, L_0000014fedd9ce10, C4<0>, C4<0>;
L_0000014fedd9c470 .functor AND 1, L_0000014fedd9c400, L_0000014fedd9c2b0, C4<1>, C4<1>;
L_0000014fedd9c5c0 .functor AND 1, L_0000014fedd9cda0, L_0000014fedd9ce10, C4<1>, C4<1>;
L_0000014fedd9c6a0 .functor OR 1, L_0000014fedd9c470, L_0000014fedd9c5c0, C4<0>, C4<0>;
v0000014fedd45500_0 .net "Cin", 0 0, L_0000014fedd9c2b0;  alias, 1 drivers
v0000014fedd43d40_0 .net "Cout", 0 0, L_0000014fedd9c6a0;  alias, 1 drivers
v0000014fedd44560_0 .net "I0", 0 0, L_0000014fedd9cda0;  alias, 1 drivers
v0000014fedd44600_0 .net "I1", 0 0, L_0000014fedd9ce10;  alias, 1 drivers
v0000014fedd455a0_0 .net *"_ivl_0", 0 0, L_0000014fedd9c320;  1 drivers
v0000014fedd453c0_0 .net *"_ivl_4", 0 0, L_0000014fedd9c400;  1 drivers
v0000014fedd44d80_0 .net *"_ivl_6", 0 0, L_0000014fedd9c470;  1 drivers
v0000014fedd44ec0_0 .net *"_ivl_8", 0 0, L_0000014fedd9c5c0;  1 drivers
v0000014fedd43ca0_0 .net "sum", 0 0, L_0000014fedd9c390;  1 drivers
S_0000014fedd45e40 .scope generate, "genblk1[0]" "genblk1[0]" 2 20, 2 20 0, S_0000014fedce1920;
 .timescale 0 0;
P_0000014fedcdfd70 .param/l "i" 0 2 20, +C4<00>;
L_0000014fedcded80 .functor AND 1, L_0000014fedd49810, L_0000014fedd49f90, C4<1>, C4<1>;
L_0000014fedcde7d0 .functor AND 1, L_0000014fedd4a670, L_0000014fedd4a2b0, C4<1>, C4<1>;
L_0000014fedcde990 .functor AND 1, L_0000014fedd48e10, L_0000014fedd49a90, C4<1>, C4<1>;
L_0000014fedcdeae0 .functor AND 1, L_0000014fedd48cd0, L_0000014fedd48d70, C4<1>, C4<1>;
v0000014fedd43f20_0 .net *"_ivl_0", 0 0, L_0000014fedd49810;  1 drivers
v0000014fedd45820_0 .net *"_ivl_1", 0 0, L_0000014fedd49f90;  1 drivers
v0000014fedd43fc0_0 .net *"_ivl_10", 0 0, L_0000014fedcde990;  1 drivers
v0000014fedd446a0_0 .net *"_ivl_12", 0 0, L_0000014fedd48cd0;  1 drivers
v0000014fedd44a60_0 .net *"_ivl_13", 0 0, L_0000014fedd48d70;  1 drivers
v0000014fedd44420_0 .net *"_ivl_14", 0 0, L_0000014fedcdeae0;  1 drivers
v0000014fedd44ba0_0 .net *"_ivl_2", 0 0, L_0000014fedcded80;  1 drivers
v0000014fedd44f60_0 .net *"_ivl_4", 0 0, L_0000014fedd4a670;  1 drivers
v0000014fedd44b00_0 .net *"_ivl_5", 0 0, L_0000014fedd4a2b0;  1 drivers
v0000014fedd44c40_0 .net *"_ivl_6", 0 0, L_0000014fedcde7d0;  1 drivers
v0000014fedd441a0_0 .net *"_ivl_8", 0 0, L_0000014fedd48e10;  1 drivers
v0000014fedd45640_0 .net *"_ivl_9", 0 0, L_0000014fedd49a90;  1 drivers
S_0000014fedd45cb0 .scope generate, "genblk1[1]" "genblk1[1]" 2 20, 2 20 0, S_0000014fedce1920;
 .timescale 0 0;
P_0000014fedce01f0 .param/l "i" 0 2 20, +C4<01>;
L_0000014fedcdea00 .functor AND 1, L_0000014fedd4a8f0, L_0000014fedd48f50, C4<1>, C4<1>;
L_0000014fedcdea70 .functor AND 1, L_0000014fedd49db0, L_0000014fedd49e50, C4<1>, C4<1>;
L_0000014fedcdec30 .functor AND 1, L_0000014fedd4a0d0, L_0000014fedd4a030, C4<1>, C4<1>;
L_0000014fedcdeca0 .functor AND 1, L_0000014fedd4a5d0, L_0000014fedd49770, C4<1>, C4<1>;
v0000014fedd44740_0 .net *"_ivl_0", 0 0, L_0000014fedd4a8f0;  1 drivers
v0000014fedd44ce0_0 .net *"_ivl_1", 0 0, L_0000014fedd48f50;  1 drivers
v0000014fedd451e0_0 .net *"_ivl_10", 0 0, L_0000014fedcdec30;  1 drivers
v0000014fedd45000_0 .net *"_ivl_12", 0 0, L_0000014fedd4a5d0;  1 drivers
v0000014fedd44880_0 .net *"_ivl_13", 0 0, L_0000014fedd49770;  1 drivers
v0000014fedd43a20_0 .net *"_ivl_14", 0 0, L_0000014fedcdeca0;  1 drivers
v0000014fedd45460_0 .net *"_ivl_2", 0 0, L_0000014fedcdea00;  1 drivers
v0000014fedd456e0_0 .net *"_ivl_4", 0 0, L_0000014fedd49db0;  1 drivers
v0000014fedd450a0_0 .net *"_ivl_5", 0 0, L_0000014fedd49e50;  1 drivers
v0000014fedd45780_0 .net *"_ivl_6", 0 0, L_0000014fedcdea70;  1 drivers
v0000014fedd43980_0 .net *"_ivl_8", 0 0, L_0000014fedd4a0d0;  1 drivers
v0000014fedd43b60_0 .net *"_ivl_9", 0 0, L_0000014fedd4a030;  1 drivers
S_0000014fedd46ac0 .scope generate, "genblk1[2]" "genblk1[2]" 2 20, 2 20 0, S_0000014fedce1920;
 .timescale 0 0;
P_0000014fedce0570 .param/l "i" 0 2 20, +C4<010>;
L_0000014fedd4d210 .functor AND 1, L_0000014fedd48ff0, L_0000014fedd49590, C4<1>, C4<1>;
L_0000014fedd4dc90 .functor AND 1, L_0000014fedd49270, L_0000014fedd4a210, C4<1>, C4<1>;
L_0000014fedd4d4b0 .functor AND 1, L_0000014fedd49090, L_0000014fedd49630, C4<1>, C4<1>;
L_0000014fedd4d520 .functor AND 1, L_0000014fedd4a7b0, L_0000014fedd49130, C4<1>, C4<1>;
v0000014fedd44100_0 .net *"_ivl_0", 0 0, L_0000014fedd48ff0;  1 drivers
v0000014fedd44240_0 .net *"_ivl_1", 0 0, L_0000014fedd49590;  1 drivers
v0000014fedd442e0_0 .net *"_ivl_10", 0 0, L_0000014fedd4d4b0;  1 drivers
v0000014fedd444c0_0 .net *"_ivl_12", 0 0, L_0000014fedd4a7b0;  1 drivers
v0000014fedd479e0_0 .net *"_ivl_13", 0 0, L_0000014fedd49130;  1 drivers
v0000014fedd47120_0 .net *"_ivl_14", 0 0, L_0000014fedd4d520;  1 drivers
v0000014fedd482a0_0 .net *"_ivl_2", 0 0, L_0000014fedd4d210;  1 drivers
v0000014fedd46cc0_0 .net *"_ivl_4", 0 0, L_0000014fedd49270;  1 drivers
v0000014fedd47e40_0 .net *"_ivl_5", 0 0, L_0000014fedd4a210;  1 drivers
v0000014fedd48660_0 .net *"_ivl_6", 0 0, L_0000014fedd4dc90;  1 drivers
v0000014fedd47ee0_0 .net *"_ivl_8", 0 0, L_0000014fedd49090;  1 drivers
v0000014fedd478a0_0 .net *"_ivl_9", 0 0, L_0000014fedd49630;  1 drivers
S_0000014fedd45fd0 .scope generate, "genblk1[3]" "genblk1[3]" 2 20, 2 20 0, S_0000014fedce1920;
 .timescale 0 0;
P_0000014fedce0170 .param/l "i" 0 2 20, +C4<011>;
L_0000014fedd4d6e0 .functor AND 1, L_0000014fedd51620, L_0000014fedd50680, C4<1>, C4<1>;
L_0000014fedd4dd70 .functor AND 1, L_0000014fedd52480, L_0000014fedd51e40, C4<1>, C4<1>;
L_0000014fedd4cf70 .functor AND 1, L_0000014fedd500e0, L_0000014fedd50720, C4<1>, C4<1>;
L_0000014fedd4d750 .functor AND 1, L_0000014fedd50ae0, L_0000014fedd525c0, C4<1>, C4<1>;
v0000014fedd48700_0 .net *"_ivl_0", 0 0, L_0000014fedd51620;  1 drivers
v0000014fedd487a0_0 .net *"_ivl_1", 0 0, L_0000014fedd50680;  1 drivers
v0000014fedd47da0_0 .net *"_ivl_10", 0 0, L_0000014fedd4cf70;  1 drivers
v0000014fedd47d00_0 .net *"_ivl_12", 0 0, L_0000014fedd50ae0;  1 drivers
v0000014fedd485c0_0 .net *"_ivl_13", 0 0, L_0000014fedd525c0;  1 drivers
v0000014fedd47440_0 .net *"_ivl_14", 0 0, L_0000014fedd4d750;  1 drivers
v0000014fedd473a0_0 .net *"_ivl_2", 0 0, L_0000014fedd4d6e0;  1 drivers
v0000014fedd47f80_0 .net *"_ivl_4", 0 0, L_0000014fedd52480;  1 drivers
v0000014fedd474e0_0 .net *"_ivl_5", 0 0, L_0000014fedd51e40;  1 drivers
v0000014fedd47c60_0 .net *"_ivl_6", 0 0, L_0000014fedd4dd70;  1 drivers
v0000014fedd48ac0_0 .net *"_ivl_8", 0 0, L_0000014fedd500e0;  1 drivers
v0000014fedd48980_0 .net *"_ivl_9", 0 0, L_0000014fedd50720;  1 drivers
S_0000014fedd46160 .scope module, "h1" "halfadder" 2 41, 2 6 0, S_0000014fedce1920;
 .timescale 0 0;
    .port_info 0 /INPUT 1 "I0";
    .port_info 1 /INPUT 1 "I1";
    .port_info 2 /OUTPUT 1 "sum";
    .port_info 3 /OUTPUT 1 "Cout";
L_0000014fedd4d1a0 .functor XOR 1, L_0000014fedd52520, L_0000014fedd50e00, C4<0>, C4<0>;
L_0000014fedd4d3d0 .functor AND 1, L_0000014fedd52520, L_0000014fedd50e00, C4<1>, C4<1>;
v0000014fedd46f40_0 .net "Cout", 0 0, L_0000014fedd4d3d0;  alias, 1 drivers
v0000014fedd47800_0 .net "I0", 0 0, L_0000014fedd52520;  1 drivers
v0000014fedd48020_0 .net "I1", 0 0, L_0000014fedd50e00;  1 drivers
v0000014fedd46d60_0 .net "sum", 0 0, L_0000014fedd4d1a0;  1 drivers
S_0000014fedd462f0 .scope module, "h2" "halfadder" 2 44, 2 6 0, S_0000014fedce1920;
 .timescale 0 0;
    .port_info 0 /INPUT 1 "I0";
    .port_info 1 /INPUT 1 "I1";
    .port_info 2 /OUTPUT 1 "sum";
    .port_info 3 /OUTPUT 1 "Cout";
L_0000014fedd4dd00 .functor XOR 1, L_0000014fedd51760, L_0000014fedd50540, C4<0>, C4<0>;
L_0000014fedd4cfe0 .functor AND 1, L_0000014fedd51760, L_0000014fedd50540, C4<1>, C4<1>;
v0000014fedd47080_0 .net "Cout", 0 0, L_0000014fedd4cfe0;  alias, 1 drivers
v0000014fedd47940_0 .net "I0", 0 0, L_0000014fedd51760;  1 drivers
v0000014fedd47a80_0 .net "I1", 0 0, L_0000014fedd50540;  1 drivers
v0000014fedd480c0_0 .net "sum", 0 0, L_0000014fedd4dd00;  alias, 1 drivers
S_0000014fedd46610 .scope module, "h3" "halfadder" 2 49, 2 6 0, S_0000014fedce1920;
 .timescale 0 0;
    .port_info 0 /INPUT 1 "I0";
    .port_info 1 /INPUT 1 "I1";
    .port_info 2 /OUTPUT 1 "sum";
    .port_info 3 /OUTPUT 1 "Cout";
L_0000014fedd4d050 .functor XOR 1, L_0000014fedd4cf00, L_0000014fedd527a0, C4<0>, C4<0>;
L_0000014fedd4da60 .functor AND 1, L_0000014fedd4cf00, L_0000014fedd527a0, C4<1>, C4<1>;
v0000014fedd47300_0 .net "Cout", 0 0, L_0000014fedd4da60;  alias, 1 drivers
v0000014fedd47b20_0 .net "I0", 0 0, L_0000014fedd4cf00;  alias, 1 drivers
v0000014fedd48160_0 .net "I1", 0 0, L_0000014fedd527a0;  1 drivers
v0000014fedd48520_0 .net "sum", 0 0, L_0000014fedd4d050;  alias, 1 drivers
    .scope S_0000014fedce1790;
T_0 ;
    %vpi_call 2 82 "$dumpfile", "wallace_tree_multiplier.vcd" {0 0 0};
    %vpi_call 2 83 "$dumpvars" {0 0 0};
    %pushi/vec4 3, 0, 4;
    %store/vec4 v0000014fedd49950_0, 0, 4;
    %pushi/vec4 4, 0, 4;
    %store/vec4 v0000014fedd4a490_0, 0, 4;
    %delay 10, 0;
    %vpi_call 2 87 "$display", "A=%d, B=%d, Out=%d", v0000014fedd49950_0, v0000014fedd4a490_0, v0000014fedd4a990_0 {0 0 0};
    %pushi/vec4 5, 0, 4;
    %store/vec4 v0000014fedd49950_0, 0, 4;
    %pushi/vec4 2, 0, 4;
    %store/vec4 v0000014fedd4a490_0, 0, 4;
    %delay 10, 0;
    %vpi_call 2 91 "$display", "A=%d, B=%d, Out=%d", v0000014fedd49950_0, v0000014fedd4a490_0, v0000014fedd4a990_0 {0 0 0};
    %pushi/vec4 4, 0, 4;
    %store/vec4 v0000014fedd49950_0, 0, 4;
    %pushi/vec4 4, 0, 4;
    %store/vec4 v0000014fedd4a490_0, 0, 4;
    %delay 10, 0;
    %pushi/vec4 3, 0, 4;
    %store/vec4 v0000014fedd49950_0, 0, 4;
    %pushi/vec4 5, 0, 4;
    %store/vec4 v0000014fedd4a490_0, 0, 4;
    %delay 10, 0;
    %pushi/vec4 6, 0, 4;
    %store/vec4 v0000014fedd49950_0, 0, 4;
    %pushi/vec4 2, 0, 4;
    %store/vec4 v0000014fedd4a490_0, 0, 4;
    %delay 10, 0;
    %pushi/vec4 12, 0, 4;
    %store/vec4 v0000014fedd49950_0, 0, 4;
    %pushi/vec4 13, 0, 4;
    %store/vec4 v0000014fedd4a490_0, 0, 4;
    %delay 10, 0;
    %vpi_call 2 104 "$display", "A=%d, B=%d, Out=%d", v0000014fedd49950_0, v0000014fedd4a490_0, v0000014fedd4a990_0 {0 0 0};
    %pushi/vec4 10, 0, 4;
    %store/vec4 v0000014fedd49950_0, 0, 4;
    %pushi/vec4 15, 0, 4;
    %store/vec4 v0000014fedd4a490_0, 0, 4;
    %delay 10, 0;
    %vpi_call 2 108 "$display", "A=%d, B=%d, Out=%d", v0000014fedd49950_0, v0000014fedd4a490_0, v0000014fedd4a990_0 {0 0 0};
    %vpi_call 2 110 "$finish" {0 0 0};
    %end;
    .thread T_0;
# The file index is used to find the file name in the following table.
:file_names 3;
    "N/A";
    "<interactive>";
    "wallace_tree_multiplier.v";
