#! /c/Source/iverilog-install/bin/vvp
:ivl_version "12.0 (devel)" "(s20150603-1539-g2693dd32b)";
:ivl_delay_selection "TYPICAL";
:vpi_time_precision + 0;
:vpi_module "C:\iverilog\lib\ivl\system.vpi";
:vpi_module "C:\iverilog\lib\ivl\vhdl_sys.vpi";
:vpi_module "C:\iverilog\lib\ivl\vhdl_textio.vpi";
:vpi_module "C:\iverilog\lib\ivl\v2005_math.vpi";
:vpi_module "C:\iverilog\lib\ivl\va_math.vpi";
S_000001ec0f319240 .scope module, "multi_tb" "multi_tb" 2 6;
 .timescale 0 0;
v000001ec0f363880_0 .var "A", 3 0;
v000001ec0f363920_0 .net "out", 7 0, L_000001ec0f363b00;  1 drivers
S_000001ec0f3654f0 .scope module, "ans" "multi" 2 9, 2 1 0, S_000001ec0f319240;
 .timescale 0 0;
    .port_info 0 /INPUT 4 "A";
    .port_info 1 /OUTPUT 8 "out";
v000001ec0f332fc0_0 .net "A", 3 0, v000001ec0f363880_0;  1 drivers
v000001ec0f332bf0_0 .net *"_ivl_0", 7 0, L_000001ec0f3639c0;  1 drivers
L_000001ec0f3a7838 .functor BUFT 1, C4<0000>, C4<0>, C4<0>, C4<0>;
v000001ec0f365680_0 .net *"_ivl_3", 3 0, L_000001ec0f3a7838;  1 drivers
v000001ec0f365720_0 .net *"_ivl_6", 6 0, L_000001ec0f363a60;  1 drivers
L_000001ec0f3a7880 .functor BUFT 1, C4<0>, C4<0>, C4<0>, C4<0>;
v000001ec0f3657c0_0 .net *"_ivl_8", 0 0, L_000001ec0f3a7880;  1 drivers
v000001ec0f365860_0 .net "out", 7 0, L_000001ec0f363b00;  alias, 1 drivers
L_000001ec0f3639c0 .concat [ 4 4 0 0], v000001ec0f363880_0, L_000001ec0f3a7838;
L_000001ec0f363a60 .part L_000001ec0f3639c0, 0, 7;
L_000001ec0f363b00 .concat [ 1 7 0 0], L_000001ec0f3a7880, L_000001ec0f363a60;
    .scope S_000001ec0f319240;
T_0 ;
    %vpi_call 2 11 "$dumpfile", "multi.vcd" {0 0 0};
    %vpi_call 2 12 "$dumpvars" {0 0 0};
    %pushi/vec4 2, 0, 4;
    %store/vec4 v000001ec0f363880_0, 0, 4;
    %delay 5, 0;
    %vpi_call 2 15 "$display", "A=%d, Out=%d", v000001ec0f363880_0, v000001ec0f363920_0 {0 0 0};
    %pushi/vec4 3, 0, 4;
    %store/vec4 v000001ec0f363880_0, 0, 4;
    %delay 5, 0;
    %pushi/vec4 7, 0, 4;
    %store/vec4 v000001ec0f363880_0, 0, 4;
    %delay 5, 0;
    %vpi_call 2 20 "$display", "A=%d, Out=%d", v000001ec0f363880_0, v000001ec0f363920_0 {0 0 0};
    %pushi/vec4 6, 0, 4;
    %store/vec4 v000001ec0f363880_0, 0, 4;
    %delay 5, 0;
    %vpi_call 2 23 "$finish" {0 0 0};
    %end;
    .thread T_0;
# The file index is used to find the file name in the following table.
:file_names 3;
    "N/A";
    "<interactive>";
    "multi.v";
