#! /c/Source/iverilog-install/bin/vvp
:ivl_version "12.0 (devel)" "(s20150603-1539-g2693dd32b)";
:ivl_delay_selection "TYPICAL";
:vpi_time_precision + 0;
:vpi_module "C:\iverilog\lib\ivl\system.vpi";
:vpi_module "C:\iverilog\lib\ivl\vhdl_sys.vpi";
:vpi_module "C:\iverilog\lib\ivl\vhdl_textio.vpi";
:vpi_module "C:\iverilog\lib\ivl\v2005_math.vpi";
:vpi_module "C:\iverilog\lib\ivl\va_math.vpi";
S_000002d6bcbcbce0 .scope module, "OR_TestBench" "OR_TestBench" 2 9;
 .timescale 0 0;
v000002d6bcbcbe70_0 .var "A", 0 0;
v000002d6bcbcbf10_0 .var "B", 0 0;
v000002d6bcab5c20_0 .var "C", 0 0;
v000002d6bcab5cc0_0 .net "Y", 0 0, L_000002d6bca835d0;  1 drivers
S_000002d6bcab5a90 .scope module, "gate1" "OR" 2 14, 2 1 0, S_000002d6bcbcbce0;
 .timescale 0 0;
    .port_info 0 /INPUT 1 "a";
    .port_info 1 /INPUT 1 "b";
    .port_info 2 /INPUT 1 "c";
    .port_info 3 /OUTPUT 1 "y";
L_000002d6bcbcac60 .functor OR 1, v000002d6bcbcbe70_0, v000002d6bcbcbf10_0, C4<0>, C4<0>;
L_000002d6bca835d0 .functor OR 1, L_000002d6bcbcac60, v000002d6bcab5c20_0, C4<0>, C4<0>;
v000002d6bca83190_0 .net "a", 0 0, v000002d6bcbcbe70_0;  1 drivers
v000002d6bca82f30_0 .net "b", 0 0, v000002d6bcbcbf10_0;  1 drivers
v000002d6bca833b0_0 .net "c", 0 0, v000002d6bcab5c20_0;  1 drivers
v000002d6bcbc9ff0_0 .net "w1", 0 0, L_000002d6bcbcac60;  1 drivers
v000002d6bcbcabc0_0 .net "y", 0 0, L_000002d6bca835d0;  alias, 1 drivers
    .scope S_000002d6bcbcbce0;
T_0 ;
    %vpi_call 2 18 "$dumpfile", "3-input_OR.vcd" {0 0 0};
    %vpi_call 2 19 "$dumpvars", 32'sb00000000000000000000000000000000, S_000002d6bcbcbce0 {0 0 0};
    %pushi/vec4 0, 0, 1;
    %store/vec4 v000002d6bcbcbe70_0, 0, 1;
    %pushi/vec4 0, 0, 1;
    %store/vec4 v000002d6bcbcbf10_0, 0, 1;
    %pushi/vec4 0, 0, 1;
    %store/vec4 v000002d6bcab5c20_0, 0, 1;
    %delay 10, 0;
    %pushi/vec4 1, 0, 1;
    %store/vec4 v000002d6bcbcbe70_0, 0, 1;
    %pushi/vec4 0, 0, 1;
    %store/vec4 v000002d6bcbcbf10_0, 0, 1;
    %pushi/vec4 0, 0, 1;
    %store/vec4 v000002d6bcab5c20_0, 0, 1;
    %delay 10, 0;
    %pushi/vec4 0, 0, 1;
    %store/vec4 v000002d6bcbcbe70_0, 0, 1;
    %pushi/vec4 1, 0, 1;
    %store/vec4 v000002d6bcbcbf10_0, 0, 1;
    %pushi/vec4 0, 0, 1;
    %store/vec4 v000002d6bcab5c20_0, 0, 1;
    %delay 10, 0;
    %pushi/vec4 1, 0, 1;
    %store/vec4 v000002d6bcbcbe70_0, 0, 1;
    %pushi/vec4 1, 0, 1;
    %store/vec4 v000002d6bcbcbf10_0, 0, 1;
    %pushi/vec4 0, 0, 1;
    %store/vec4 v000002d6bcab5c20_0, 0, 1;
    %delay 10, 0;
    %pushi/vec4 0, 0, 1;
    %store/vec4 v000002d6bcbcbe70_0, 0, 1;
    %pushi/vec4 0, 0, 1;
    %store/vec4 v000002d6bcbcbf10_0, 0, 1;
    %pushi/vec4 1, 0, 1;
    %store/vec4 v000002d6bcab5c20_0, 0, 1;
    %delay 10, 0;
    %pushi/vec4 1, 0, 1;
    %store/vec4 v000002d6bcbcbe70_0, 0, 1;
    %pushi/vec4 0, 0, 1;
    %store/vec4 v000002d6bcbcbf10_0, 0, 1;
    %pushi/vec4 1, 0, 1;
    %store/vec4 v000002d6bcab5c20_0, 0, 1;
    %delay 10, 0;
    %pushi/vec4 0, 0, 1;
    %store/vec4 v000002d6bcbcbe70_0, 0, 1;
    %pushi/vec4 1, 0, 1;
    %store/vec4 v000002d6bcbcbf10_0, 0, 1;
    %pushi/vec4 1, 0, 1;
    %store/vec4 v000002d6bcab5c20_0, 0, 1;
    %delay 10, 0;
    %pushi/vec4 1, 0, 1;
    %store/vec4 v000002d6bcbcbe70_0, 0, 1;
    %pushi/vec4 1, 0, 1;
    %store/vec4 v000002d6bcbcbf10_0, 0, 1;
    %pushi/vec4 1, 0, 1;
    %store/vec4 v000002d6bcab5c20_0, 0, 1;
    %delay 10, 0;
    %vpi_call 2 29 "$finish" {0 0 0};
    %end;
    .thread T_0;
# The file index is used to find the file name in the following table.
:file_names 3;
    "N/A";
    "<interactive>";
    "3-input_OR.v";
